2025-10-22 01:30:17.868: [INFO] VisibilityChanged: 0
2025-10-22 01:30:18.021: [INFO] RecordSyncInitDuration has_sync_been_enabled: 0 state: 0
2025-10-22 01:30:18.022: [INFO] RecordSyncInitDuration has_sync_been_enabled: 0 state: 0
2025-10-22 01:30:18.024: [INFO] RecordSyncInitDuration has_sync_been_enabled: 0 state: 0
2025-10-22 01:30:18.024: [INFO] RecordSyncInitDuration has_sync_been_enabled: 0 state: 0
2025-10-22 01:30:18.025: [INFO] RecordSyncInitDuration has_sync_been_enabled: 0 state: 0
2025-10-22 01:30:18.025: [INFO] RecordSyncInitDuration has_sync_been_enabled: 0 state: 0
2025-10-22 01:30:18.026: [INFO] RecordSyncInitDuration has_sync_been_enabled: 0 state: 0
2025-10-22 01:30:18.026: [INFO] RecordSyncInitDuration has_sync_been_enabled: 0 state: 0
2025-10-22 01:30:18.026: [INFO] RecordSyncInitDuration has_sync_been_enabled: 0 state: 0
2025-10-22 01:30:18.027: [INFO] RecordSyncInitDuration has_sync_been_enabled: 0 state: 0
2025-10-22 01:30:18.027: [INFO] RecordSyncInitDuration has_sync_been_enabled: 0 state: 0
2025-10-22 01:30:18.037: [INFO] BookmarkModelLoaded, ids_reassigned: 0
2025-10-22 01:30:18.037: [INFO] OnDoneLoading sync enabled: 0
2025-10-22 01:30:18.090: [INFO] RecordSyncInitDuration has_sync_been_enabled: 0 state: 0
2025-10-22 01:30:18.162: [INFO] RecordSyncInitDuration has_sync_been_enabled: 0 state: 3
2025-10-22 01:30:18.164: [INFO] Primary account changed.
2025-10-22 01:30:18.164: [INFO] OnPrimaryAccountChanged PrimaryAccountChangeEvent::Type::kSet
2025-10-22 01:30:18.168: [INFO] RecordSyncInitDuration has_sync_been_enabled: 0 state: 3
2025-10-22 01:30:18.309: [INFO] RecordSyncInitDuration has_sync_been_enabled: 0 state: 3
2025-10-22 01:30:20.974: [INFO] VisibilityChanged: 1
2025-10-22 01:30:21.352: [INFO] BookmarkNodeAdded, ABU: 0
2025-10-22 01:30:21.353: [INFO] BookmarkNodeAdded, ABU: 0
2025-10-22 01:30:21.353: [INFO] BookmarkNodeAdded, ABU: 0
2025-10-22 01:30:21.354: [INFO] BookmarkNodeAdded, ABU: 0
2025-10-22 01:30:21.354: [INFO] BookmarkNodeAdded, ABU: 0
2025-10-22 01:30:21.354: [INFO] BookmarkNodeAdded, ABU: 0
2025-10-22 01:30:21.354: [INFO] BookmarkNodeAdded, ABU: 0
2025-10-22 01:30:21.354: [INFO] BookmarkNodeAdded, ABU: 0
2025-10-22 01:30:21.354: [INFO] BookmarkNodeAdded, ABU: 0
2025-10-22 01:30:21.354: [INFO] BookmarkNodeAdded, ABU: 0
2025-10-22 01:30:21.355: [INFO] BookmarkNodeAdded, ABU: 0
2025-10-22 01:30:21.355: [INFO] BookmarkNodeAdded, ABU: 0
2025-10-22 01:30:21.355: [INFO] BookmarkNodeAdded, ABU: 0
2025-10-22 01:30:21.355: [INFO] BookmarkNodeAdded, ABU: 0
2025-10-22 01:30:21.355: [INFO] BookmarkNodeAdded, ABU: 0
2025-10-22 01:30:21.355: [INFO] BookmarkNodeAdded, ABU: 0
2025-10-22 01:30:21.355: [INFO] BookmarkNodeAdded, ABU: 0
2025-10-22 01:30:21.355: [INFO] BookmarkNodeAdded, ABU: 0
2025-10-22 01:30:21.355: [INFO] BookmarkNodeAdded, ABU: 0
2025-10-22 01:30:21.355: [INFO] BookmarkNodeAdded, ABU: 0
2025-10-22 01:30:21.355: [INFO] BookmarkNodeAdded, ABU: 0
2025-10-22 01:30:21.355: [INFO] BookmarkNodeAdded, ABU: 0
2025-10-22 01:30:21.355: [INFO] BookmarkNodeAdded, ABU: 0
2025-10-22 01:30:21.355: [INFO] BookmarkNodeAdded, ABU: 0
2025-10-22 01:30:21.355: [INFO] BookmarkNodeAdded, ABU: 0
2025-10-22 01:30:21.355: [INFO] BookmarkNodeAdded, ABU: 0
2025-10-22 01:30:21.355: [INFO] BookmarkNodeAdded, ABU: 0
2025-10-22 01:30:21.355: [INFO] BookmarkNodeAdded, ABU: 0
2025-10-22 01:30:21.355: [INFO] BookmarkNodeAdded, ABU: 0
2025-10-22 01:30:21.355: [INFO] BookmarkNodeAdded, ABU: 0
2025-10-22 01:30:21.355: [INFO] BookmarkNodeAdded, ABU: 0
2025-10-22 01:30:21.355: [INFO] BookmarkNodeAdded, ABU: 0
2025-10-22 01:30:21.355: [INFO] BookmarkNodeAdded, ABU: 0
2025-10-22 01:30:21.355: [INFO] BookmarkNodeAdded, ABU: 0
2025-10-22 01:30:21.355: [INFO] BookmarkNodeAdded, ABU: 0
2025-10-22 01:30:21.355: [INFO] BookmarkNodeAdded, ABU: 0
2025-10-22 01:30:21.355: [INFO] BookmarkNodeAdded, ABU: 0
2025-10-22 01:30:21.355: [INFO] BookmarkNodeAdded, ABU: 0
2025-10-22 01:30:21.355: [INFO] BookmarkNodeAdded, ABU: 0
2025-10-22 01:30:21.356: [INFO] BookmarkNodeAdded, ABU: 0
2025-10-22 01:30:21.356: [INFO] BookmarkNodeAdded, ABU: 0
2025-10-22 01:30:21.356: [INFO] BookmarkNodeAdded, ABU: 0
2025-10-22 01:30:21.356: [INFO] BookmarkNodeAdded, ABU: 0
2025-10-22 01:30:21.356: [INFO] BookmarkNodeAdded, ABU: 0
2025-10-22 01:30:21.356: [INFO] BookmarkNodeAdded, ABU: 0
2025-10-22 01:30:21.356: [INFO] BookmarkNodeAdded, ABU: 0
2025-10-22 01:30:21.356: [INFO] BookmarkNodeAdded, ABU: 0
2025-10-22 01:30:21.356: [INFO] BookmarkNodeAdded, ABU: 0
2025-10-22 01:30:21.356: [INFO] BookmarkNodeAdded, ABU: 0
2025-10-22 01:30:21.356: [INFO] BookmarkNodeAdded, ABU: 0
2025-10-22 01:30:21.356: [INFO] BookmarkNodeAdded, ABU: 0
2025-10-22 01:30:21.356: [INFO] BookmarkNodeAdded, ABU: 0
2025-10-22 01:30:21.356: [INFO] BookmarkNodeAdded, ABU: 0
2025-10-22 01:30:21.357: [INFO] BookmarkNodeAdded, ABU: 0
2025-10-22 01:30:21.357: [INFO] BookmarkNodeAdded, ABU: 0
2025-10-22 01:30:21.357: [INFO] BookmarkNodeAdded, ABU: 0
2025-10-22 01:30:21.357: [INFO] BookmarkNodeAdded, ABU: 0
2025-10-22 01:30:21.357: [INFO] BookmarkNodeAdded, ABU: 0
2025-10-22 01:30:21.357: [INFO] BookmarkNodeAdded, ABU: 0
2025-10-22 01:30:21.357: [INFO] BookmarkNodeAdded, ABU: 0
2025-10-22 01:30:21.357: [INFO] BookmarkNodeAdded, ABU: 0
2025-10-22 01:30:21.357: [INFO] BookmarkNodeAdded, ABU: 0
2025-10-22 01:30:21.358: [INFO] BookmarkNodeAdded, ABU: 0
2025-10-22 01:30:21.358: [INFO] BookmarkNodeAdded, ABU: 0
2025-10-22 01:30:21.358: [INFO] BookmarkNodeAdded, ABU: 0
2025-10-22 01:30:21.358: [INFO] BookmarkNodeAdded, ABU: 0
2025-10-22 01:30:21.358: [INFO] BookmarkNodeAdded, ABU: 0
2025-10-22 01:30:21.358: [INFO] BookmarkNodeAdded, ABU: 0
2025-10-22 01:30:21.358: [INFO] BookmarkNodeAdded, ABU: 0
2025-10-22 01:30:21.358: [INFO] BookmarkNodeAdded, ABU: 0
2025-10-22 01:30:21.358: [INFO] BookmarkNodeAdded, ABU: 0
2025-10-22 01:30:21.358: [INFO] BookmarkNodeAdded, ABU: 0
2025-10-22 01:30:21.358: [INFO] BookmarkNodeAdded, ABU: 0
2025-10-22 01:30:21.359: [INFO] BookmarkNodeAdded, ABU: 0
2025-10-22 01:30:21.359: [INFO] BookmarkNodeAdded, ABU: 0
2025-10-22 01:30:21.359: [INFO] BookmarkNodeAdded, ABU: 0
2025-10-22 01:30:21.359: [INFO] BookmarkNodeAdded, ABU: 0
2025-10-22 01:30:21.359: [INFO] BookmarkNodeAdded, ABU: 0
2025-10-22 01:30:21.359: [INFO] BookmarkNodeAdded, ABU: 0
2025-10-22 01:30:21.359: [INFO] BookmarkNodeAdded, ABU: 0
2025-10-22 01:30:21.359: [INFO] BookmarkNodeAdded, ABU: 0
2025-10-22 01:30:21.359: [INFO] BookmarkNodeAdded, ABU: 0
2025-10-22 01:30:21.359: [INFO] BookmarkNodeAdded, ABU: 0
2025-10-22 01:30:21.359: [INFO] BookmarkNodeAdded, ABU: 0
2025-10-22 01:30:21.359: [INFO] BookmarkNodeAdded, ABU: 0
2025-10-22 01:30:21.359: [INFO] BookmarkNodeAdded, ABU: 0
2025-10-22 01:30:21.359: [INFO] BookmarkNodeAdded, ABU: 0
2025-10-22 01:30:21.360: [INFO] BookmarkNodeAdded, ABU: 0
2025-10-22 01:30:21.360: [INFO] BookmarkNodeAdded, ABU: 0
2025-10-22 01:30:21.360: [INFO] BookmarkNodeAdded, ABU: 0
2025-10-22 01:30:21.360: [INFO] BookmarkNodeAdded, ABU: 0
2025-10-22 01:30:21.360: [INFO] BookmarkNodeAdded, ABU: 0
2025-10-22 01:30:21.360: [INFO] BookmarkNodeAdded, ABU: 0
2025-10-22 01:30:21.360: [INFO] BookmarkNodeAdded, ABU: 0
2025-10-22 01:30:21.360: [INFO] BookmarkNodeAdded, ABU: 0
2025-10-22 01:30:21.360: [INFO] BookmarkNodeAdded, ABU: 0
2025-10-22 01:30:21.360: [INFO] BookmarkNodeAdded, ABU: 0
2025-10-22 01:30:21.360: [INFO] BookmarkNodeAdded, ABU: 0
2025-10-22 01:30:21.360: [INFO] BookmarkNodeAdded, ABU: 0
2025-10-22 01:30:21.360: [INFO] BookmarkNodeAdded, ABU: 0
2025-10-22 01:30:21.360: [INFO] BookmarkNodeAdded, ABU: 0
2025-10-22 01:30:21.360: [INFO] BookmarkNodeAdded, ABU: 0
2025-10-22 01:30:21.361: [INFO] BookmarkNodeAdded, ABU: 0
2025-10-22 01:30:21.361: [INFO] BookmarkNodeAdded, ABU: 0
2025-10-22 01:30:21.361: [INFO] BookmarkNodeAdded, ABU: 0
2025-10-22 01:30:21.361: [INFO] BookmarkNodeAdded, ABU: 0
2025-10-22 01:30:21.361: [INFO] BookmarkNodeAdded, ABU: 0
2025-10-22 01:30:21.361: [INFO] BookmarkNodeAdded, ABU: 0
2025-10-22 01:30:21.361: [INFO] BookmarkNodeAdded, ABU: 0
2025-10-22 01:30:21.361: [INFO] BookmarkNodeAdded, ABU: 0
2025-10-22 01:30:21.361: [INFO] BookmarkNodeAdded, ABU: 0
2025-10-22 01:30:21.361: [INFO] BookmarkNodeAdded, ABU: 0
2025-10-22 01:30:21.361: [INFO] BookmarkNodeAdded, ABU: 0
2025-10-22 01:30:21.361: [INFO] BookmarkNodeAdded, ABU: 0
2025-10-22 01:30:21.361: [INFO] BookmarkNodeAdded, ABU: 0
2025-10-22 01:30:21.361: [INFO] BookmarkNodeAdded, ABU: 0
2025-10-22 01:30:21.361: [INFO] BookmarkNodeAdded, ABU: 0
2025-10-22 01:30:21.362: [INFO] BookmarkNodeAdded, ABU: 0
2025-10-22 01:30:21.362: [INFO] BookmarkNodeAdded, ABU: 0
2025-10-22 01:30:21.362: [INFO] BookmarkNodeAdded, ABU: 0
2025-10-22 01:30:21.362: [INFO] BookmarkNodeAdded, ABU: 0
2025-10-22 01:30:21.362: [INFO] BookmarkNodeAdded, ABU: 0
2025-10-22 01:30:21.362: [INFO] BookmarkNodeAdded, ABU: 0
2025-10-22 01:30:21.362: [INFO] BookmarkNodeAdded, ABU: 0
2025-10-22 01:30:21.362: [INFO] BookmarkNodeAdded, ABU: 0
2025-10-22 01:30:21.362: [INFO] BookmarkNodeAdded, ABU: 0
2025-10-22 01:30:21.362: [INFO] BookmarkNodeAdded, ABU: 0
2025-10-22 01:30:21.362: [INFO] BookmarkNodeAdded, ABU: 0
2025-10-22 01:30:21.362: [INFO] BookmarkNodeAdded, ABU: 0
2025-10-22 01:30:21.362: [INFO] BookmarkNodeAdded, ABU: 0
2025-10-22 01:30:21.362: [INFO] BookmarkNodeAdded, ABU: 0
2025-10-22 01:30:21.362: [INFO] BookmarkNodeAdded, ABU: 0
2025-10-22 01:30:21.363: [INFO] BookmarkNodeAdded, ABU: 0
2025-10-22 01:30:21.363: [INFO] BookmarkNodeAdded, ABU: 0
2025-10-22 01:30:21.363: [INFO] BookmarkNodeAdded, ABU: 0
2025-10-22 01:30:21.363: [INFO] BookmarkNodeAdded, ABU: 0
2025-10-22 01:30:32.033: [INFO] Sync initialization duration: 13640ms
2025-10-22 03:07:07.298: [INFO] VisibilityChanged: 0
