{"logTime": "1022/013019", "correlationVector":"CkddQQmov7IDBVR7Z+UQNH.1","action":"SyncServerConnectionManagerRequest", "result":"SYNC_SERVER_OK", "context":{"environment":"Prod_centralus_prod-s01-068-nam-centralus", "migrationStage":"NotStarted", "server":"akswtt10400003o"}}
{"logTime": "1022/013019", "correlationVector":"CkddQQmov7IDBVR7Z+UQNH.2","action":"ProcessGetUpdates", "result":"Done", "context":{"dataType":"Encryption Keys", "deleted":"0", "process_failed_to_decrypt":"0", "process_pending_decryption":"0", "process_success":"1", "total":"1"}}
{"logTime": "1022/013019", "correlationVector":"BFzy6TfQuYub5ZdJmzMuhp","action":"SyncServerConnectionManagerRequest", "result":"SYNC_SERVER_OK", "context":{"environment":"", "migrationStage":"", "server":""}}
{"logTime": "1022/013019", "correlationVector":"BFzy6TfQuYub5ZdJmzMuhp.0","action":"EncryptionKeysFetcher.DownloadKeys:", "result":"Success", "context":Key count: 10, Last key timestamp: 2025-07-18T02:53:37Z}
{"logTime": "1022/013019", "correlationVector":"BFzy6TfQuYub5ZdJmzMuhp.1","action":"EncryptionKeysManager::SetEncryptionKeys:", "result":"Success", "context":Key names[10]:[oCnscS6O2bx2lKriSePFqv6GgiXWwv7Ms33H7kOChiJzlfHhAgl/Jl/f5xLhbdy8+O0zHI38GjZHSzZecsRUuw==][k2Mt447tapekv2DyhJqMh0bQ6hBGo68mBT1RTeVPZZXK7zTvS5iLSLPORPpIgGOq1lDC8FsUK83G/PU1IrqyDg==][eOB+nnn6G87nSswT9WucbRH0It34xnYsZ+1+ziL2lgAAfDpFcN6ZcKZw6K5bMOZ/5BxS5WF7vkcKIuyIAo1pLQ==][7Aw1vRvM4Z6xs9N++kxHvi5eA4/PrpFzRmXYJIHgUNeBpx4ZHA4x1+TP9v+ml1x2KDvmqLHOCnpr8kKEnBU0Yg==][vWvBWkM+fixYVQu5de9Bl6tfU3+fYckweTESiouKJ/gnNRypwrhd8CwRxM3rByqXfy7Mhr+AFn7LRENGsrORKw==][a4oDEJJwnPAQt2LDwziM8Y42d1/Wf9B45AGNqQnHAs83hR4i3RAqQlaYp2qd1N49BWKHAFvt15cdXE3h+N0BiQ==][nZI7/RTuT/oylEMMhvMrl95tB0QTvRMogJuxcevbJZwZHdZ8KLr4NyRO+fIuGnuef3fcw+CcJrT3iNMDTuugSw==][7Fg65u5RVCQ8NdFXUV5zOFTZYyi9cnLHUZc8aH4omvqCTfaIwRHQrgqguHlElKVeaR+ZnhNSA7nLP8ePdxra6w==][gpPDo1erJN0ivmPm4jsyIihpvfxsGy55RI7ga5M+bI/DUFoFA+tJEpGfu9H+8a00o1FLHfkW7FtSX96/ld42hw==][3XYltHVoGY7Xf+vpgIDHnRRmtBCcjIACT0TPB58jpBPLmw43Mol6vAIvsQJ1tmHKgqwHGRrXOgzTHHVdSQPcmw==]}
{"logTime": "1022/013019", "correlationVector":"BFzy6TfQuYub5ZdJmzMuhp.2","action":"EncryptionKeysManager::SetEncryptionKeysWithTimestamps:", "result":"Success", "context":Key timestamps[10]:[2022-09-02T07:16:47Z][2022-12-10T19:59:38Z][2022-12-13T21:31:46Z][2023-04-22T03:38:00Z][2023-06-29T18:29:00Z][2024-02-04T03:01:20Z][2024-08-06T01:48:42Z][2024-11-01T23:48:40Z][2025-01-19T01:25:35Z][2025-07-18T02:53:37Z]}
{"logTime": "1022/013019", "correlationVector":"CkddQQmov7IDBVR7Z+UQNH","action":"Initial GetUpdates", "result":"", "context":Reason: NEW_CLIENT. cV=CkddQQmov7IDBVR7Z+UQNH}
{"logTime": "1022/013019", "correlationVector":"CkddQQmov7IDBVR7Z+UQNH.3","action":"GetUpdates Response", "result":"Success", "context":Received 1 update(s). cV=CkddQQmov7IDBVR7Z+UQNH.0;server=akswtt10400003o;cloudType=Consumer;environment=Prod_centralus_prod-s01-068-nam-centralus;migrationStage=NotStarted}
{"logTime": "1022/013019", "correlationVector":"KwTrVA/HE2oim63M9nLQZk","action":"Initial GetUpdates", "result":"", "context":Reason: NEWLY_SUPPORTED_DATATYPE. cV=KwTrVA/HE2oim63M9nLQZk}
{"logTime": "1022/013020", "correlationVector":"KwTrVA/HE2oim63M9nLQZk.1","action":"SyncServerConnectionManagerRequest", "result":"SYNC_SERVER_OK", "context":{"environment":"Prod_centralus_prod-s01-068-nam-centralus", "migrationStage":"NotStarted", "server":"akswtt104000014"}}
{"logTime": "1022/013020", "correlationVector":"KwTrVA/HE2oim63M9nLQZk.2","action":"ProcessGetUpdates", "result":"Done", "context":{"dataType":"Preferences", "deleted":"1", "process_failed_to_decrypt":"0", "process_pending_decryption":"0", "process_success":"157", "total":"157"}}
{"logTime": "1022/013020", "correlationVector":"KwTrVA/HE2oim63M9nLQZk.3","action":"ProcessGetUpdates", "result":"Done", "context":{"dataType":"Passwords", "deleted":"12", "process_failed_to_decrypt":"0", "process_pending_decryption":"0", "process_success":"40", "total":"40"}}
{"logTime": "1022/013020", "correlationVector":"KwTrVA/HE2oim63M9nLQZk.4","action":"ProcessGetUpdates", "result":"Done", "context":{"dataType":"Device Info", "deleted":"0", "process_failed_to_decrypt":"0", "process_pending_decryption":"0", "process_success":"53", "total":"53"}}
{"logTime": "1022/013020", "correlationVector":"KwTrVA/HE2oim63M9nLQZk.5","action":"GetUpdates Response", "result":"Success", "context":Received 250 update(s). cV=KwTrVA/HE2oim63M9nLQZk.0;server=akswtt104000014;cloudType=Consumer;environment=Prod_centralus_prod-s01-068-nam-centralus;migrationStage=NotStarted Some updates remain.}
{"logTime": "1022/013020", "correlationVector":"y9eZCmoPPmb4ub/YeCpkGe","action":"Initial GetUpdates", "result":"", "context":Reason: NEWLY_SUPPORTED_DATATYPE. cV=y9eZCmoPPmb4ub/YeCpkGe}
{"logTime": "1022/013020", "correlationVector":"y9eZCmoPPmb4ub/YeCpkGe.1","action":"SyncServerConnectionManagerRequest", "result":"SYNC_SERVER_OK", "context":{"environment":"Prod_centralus_prod-s01-068-nam-centralus", "migrationStage":"NotStarted", "server":"akswtt10400003r"}}
{"logTime": "1022/013020", "correlationVector":"y9eZCmoPPmb4ub/YeCpkGe.2","action":"ProcessGetUpdates", "result":"Done", "context":{"dataType":"Passwords", "deleted":"0", "process_failed_to_decrypt":"0", "process_pending_decryption":"0", "process_success":"250", "total":"250"}}
{"logTime": "1022/013020", "correlationVector":"y9eZCmoPPmb4ub/YeCpkGe.3","action":"GetUpdates Response", "result":"Success", "context":Received 250 update(s). cV=y9eZCmoPPmb4ub/YeCpkGe.0;server=akswtt10400003r;cloudType=Consumer;environment=Prod_centralus_prod-s01-068-nam-centralus;migrationStage=NotStarted Some updates remain.}
{"logTime": "1022/013020", "correlationVector":"4WxKB53w3893OkR8DVHrlX","action":"Initial GetUpdates", "result":"", "context":Reason: NEWLY_SUPPORTED_DATATYPE. cV=4WxKB53w3893OkR8DVHrlX}
{"logTime": "1022/013020", "correlationVector":"4WxKB53w3893OkR8DVHrlX.1","action":"SyncServerConnectionManagerRequest", "result":"SYNC_SERVER_OK", "context":{"environment":"Prod_centralus_prod-s01-068-nam-centralus", "migrationStage":"NotStarted", "server":"akswtt104000007"}}
{"logTime": "1022/013020", "correlationVector":"4WxKB53w3893OkR8DVHrlX.2","action":"ProcessGetUpdates", "result":"Done", "context":{"dataType":"Preferences", "deleted":"0", "process_failed_to_decrypt":"0", "process_pending_decryption":"0", "process_success":"6", "total":"6"}}
{"logTime": "1022/013020", "correlationVector":"4WxKB53w3893OkR8DVHrlX.3","action":"ProcessGetUpdates", "result":"Done", "context":{"dataType":"Passwords", "deleted":"0", "process_failed_to_decrypt":"0", "process_pending_decryption":"0", "process_success":"10", "total":"10"}}
{"logTime": "1022/013020", "correlationVector":"4WxKB53w3893OkR8DVHrlX.4","action":"ProcessGetUpdates", "result":"Done", "context":{"dataType":"Device Info", "deleted":"0", "process_failed_to_decrypt":"0", "process_pending_decryption":"0", "process_success":"2", "total":"2"}}
{"logTime": "1022/013020", "correlationVector":"4WxKB53w3893OkR8DVHrlX.5","action":"GetUpdates Response", "result":"Success", "context":Received 18 update(s). cV=4WxKB53w3893OkR8DVHrlX.0;server=akswtt104000007;cloudType=Consumer;environment=Prod_centralus_prod-s01-068-nam-centralus;migrationStage=NotStarted}
{"logTime": "1022/013021", "correlationVector":"mSDluzpzPuZWoO8bzy+5fW","action":"Initial GetUpdates", "result":"", "context":Reason: NEWLY_SUPPORTED_DATATYPE. cV=mSDluzpzPuZWoO8bzy+5fW}
{"logTime": "1022/013021", "correlationVector":"mSDluzpzPuZWoO8bzy+5fW.1","action":"SyncServerConnectionManagerRequest", "result":"SYNC_SERVER_OK", "context":{"environment":"Prod_centralus_prod-s01-068-nam-centralus", "migrationStage":"NotStarted", "server":"akswtt10400003f"}}
{"logTime": "1022/013021", "correlationVector":"mSDluzpzPuZWoO8bzy+5fW.2","action":"ProcessGetUpdates", "result":"Done", "context":{"dataType":"Bookmarks", "deleted":"10", "process_failed_to_decrypt":"0", "process_pending_decryption":"0", "process_success":"152", "total":"152"}}
{"logTime": "1022/013021", "correlationVector":"mSDluzpzPuZWoO8bzy+5fW.3","action":"GetUpdates Response", "result":"Success", "context":Received 152 update(s). cV=mSDluzpzPuZWoO8bzy+5fW.0;server=akswtt10400003f;cloudType=Consumer;environment=Prod_centralus_prod-s01-068-nam-centralus;migrationStage=NotStarted}
{"logTime": "1022/013021", "correlationVector":"Y4Wn8qmB2HDKO/8CN7cKNL","action":"Initial GetUpdates", "result":"", "context":Reason: NEWLY_SUPPORTED_DATATYPE. cV=Y4Wn8qmB2HDKO/8CN7cKNL}
{"logTime": "1022/013022", "correlationVector":"Y4Wn8qmB2HDKO/8CN7cKNL.1","action":"SyncServerConnectionManagerRequest", "result":"SYNC_SERVER_OK", "context":{"environment":"Prod_centralus_prod-s01-068-nam-centralus", "migrationStage":"NotStarted", "server":"akswtt104000027"}}
{"logTime": "1022/013022", "correlationVector":"Y4Wn8qmB2HDKO/8CN7cKNL.2","action":"ProcessGetUpdates", "result":"Done", "context":{"dataType":"Autofill", "deleted":"0", "process_failed_to_decrypt":"0", "process_pending_decryption":"0", "process_success":"132", "total":"132"}}
{"logTime": "1022/013022", "correlationVector":"Y4Wn8qmB2HDKO/8CN7cKNL.3","action":"ProcessGetUpdates", "result":"Done", "context":{"dataType":"Extensions", "deleted":"0", "process_failed_to_decrypt":"0", "process_pending_decryption":"0", "process_success":"16", "total":"16"}}
{"logTime": "1022/013022", "correlationVector":"Y4Wn8qmB2HDKO/8CN7cKNL.4","action":"ProcessGetUpdates", "result":"Done", "context":{"dataType":"Extension settings", "deleted":"0", "process_failed_to_decrypt":"0", "process_pending_decryption":"0", "process_success":"41", "total":"41"}}
{"logTime": "1022/013022", "correlationVector":"Y4Wn8qmB2HDKO/8CN7cKNL.5","action":"ProcessGetUpdates", "result":"Done", "context":{"dataType":"Web Apps", "deleted":"0", "process_failed_to_decrypt":"0", "process_pending_decryption":"0", "process_success":"6", "total":"6"}}
{"logTime": "1022/013022", "correlationVector":"Y4Wn8qmB2HDKO/8CN7cKNL.6","action":"ProcessGetUpdates", "result":"Done", "context":{"dataType":"Collection", "deleted":"0", "process_failed_to_decrypt":"0", "process_pending_decryption":"0", "process_success":"55", "total":"55"}}
{"logTime": "1022/013022", "correlationVector":"Y4Wn8qmB2HDKO/8CN7cKNL.7","action":"GetUpdates Response", "result":"Success", "context":Received 250 update(s). cV=Y4Wn8qmB2HDKO/8CN7cKNL.0;server=akswtt104000027;cloudType=Consumer;environment=Prod_centralus_prod-s01-068-nam-centralus;migrationStage=NotStarted Some updates remain.}
{"logTime": "1022/013022", "correlationVector":"nw8vK9NVXHsVto1w525u4W","action":"Initial GetUpdates", "result":"", "context":Reason: NEWLY_SUPPORTED_DATATYPE. cV=nw8vK9NVXHsVto1w525u4W}
{"logTime": "1022/013022", "correlationVector":"nw8vK9NVXHsVto1w525u4W.1","action":"SyncServerConnectionManagerRequest", "result":"SYNC_SERVER_OK", "context":{"environment":"Prod_centralus_prod-s01-068-nam-centralus", "migrationStage":"NotStarted", "server":"akswtt104000007"}}
{"logTime": "1022/013022", "correlationVector":"nw8vK9NVXHsVto1w525u4W.2","action":"ProcessGetUpdates", "result":"Done", "context":{"dataType":"Autofill", "deleted":"0", "process_failed_to_decrypt":"0", "process_pending_decryption":"0", "process_success":"250", "total":"250"}}
{"logTime": "1022/013022", "correlationVector":"nw8vK9NVXHsVto1w525u4W.3","action":"GetUpdates Response", "result":"Success", "context":Received 250 update(s). cV=nw8vK9NVXHsVto1w525u4W.0;server=akswtt104000007;cloudType=Consumer;environment=Prod_centralus_prod-s01-068-nam-centralus;migrationStage=NotStarted Some updates remain.}
{"logTime": "1022/013022", "correlationVector":"fl44yaKmMRbiII0SB3eSUx","action":"Initial GetUpdates", "result":"", "context":Reason: NEWLY_SUPPORTED_DATATYPE. cV=fl44yaKmMRbiII0SB3eSUx}
{"logTime": "1022/013023", "correlationVector":"fl44yaKmMRbiII0SB3eSUx.1","action":"SyncServerConnectionManagerRequest", "result":"SYNC_SERVER_OK", "context":{"environment":"Prod_centralus_prod-s01-068-nam-centralus", "migrationStage":"NotStarted", "server":"akswtt10400000r"}}
{"logTime": "1022/013023", "correlationVector":"fl44yaKmMRbiII0SB3eSUx.2","action":"ProcessGetUpdates", "result":"Done", "context":{"dataType":"Autofill", "deleted":"0", "process_failed_to_decrypt":"0", "process_pending_decryption":"0", "process_success":"250", "total":"250"}}
{"logTime": "1022/013023", "correlationVector":"fl44yaKmMRbiII0SB3eSUx.3","action":"GetUpdates Response", "result":"Success", "context":Received 250 update(s). cV=fl44yaKmMRbiII0SB3eSUx.0;server=akswtt10400000r;cloudType=Consumer;environment=Prod_centralus_prod-s01-068-nam-centralus;migrationStage=NotStarted Some updates remain.}
{"logTime": "1022/013023", "correlationVector":"5ZIUzhHaySJILe98ehIpoG","action":"Initial GetUpdates", "result":"", "context":Reason: NEWLY_SUPPORTED_DATATYPE. cV=5ZIUzhHaySJILe98ehIpoG}
{"logTime": "1022/013023", "correlationVector":"5ZIUzhHaySJILe98ehIpoG.1","action":"SyncServerConnectionManagerRequest", "result":"SYNC_SERVER_OK", "context":{"environment":"Prod_centralus_prod-s01-068-nam-centralus", "migrationStage":"NotStarted", "server":"akswtt10400001d"}}
{"logTime": "1022/013023", "correlationVector":"5ZIUzhHaySJILe98ehIpoG.2","action":"ProcessGetUpdates", "result":"Done", "context":{"dataType":"Autofill", "deleted":"0", "process_failed_to_decrypt":"0", "process_pending_decryption":"0", "process_success":"250", "total":"250"}}
{"logTime": "1022/013023", "correlationVector":"5ZIUzhHaySJILe98ehIpoG.3","action":"GetUpdates Response", "result":"Success", "context":Received 250 update(s). cV=5ZIUzhHaySJILe98ehIpoG.0;server=akswtt10400001d;cloudType=Consumer;environment=Prod_centralus_prod-s01-068-nam-centralus;migrationStage=NotStarted Some updates remain.}
{"logTime": "1022/013023", "correlationVector":"6Zw+I04FT0CAIdaumS614l","action":"Initial GetUpdates", "result":"", "context":Reason: NEWLY_SUPPORTED_DATATYPE. cV=6Zw+I04FT0CAIdaumS614l}
{"logTime": "1022/013024", "correlationVector":"6Zw+I04FT0CAIdaumS614l.1","action":"SyncServerConnectionManagerRequest", "result":"SYNC_SERVER_OK", "context":{"environment":"Prod_centralus_prod-s01-068-nam-centralus", "migrationStage":"NotStarted", "server":"akswtt104000027"}}
{"logTime": "1022/013024", "correlationVector":"6Zw+I04FT0CAIdaumS614l.2","action":"ProcessGetUpdates", "result":"Done", "context":{"dataType":"Autofill", "deleted":"0", "process_failed_to_decrypt":"0", "process_pending_decryption":"0", "process_success":"250", "total":"250"}}
{"logTime": "1022/013024", "correlationVector":"6Zw+I04FT0CAIdaumS614l.3","action":"GetUpdates Response", "result":"Success", "context":Received 250 update(s). cV=6Zw+I04FT0CAIdaumS614l.0;server=akswtt104000027;cloudType=Consumer;environment=Prod_centralus_prod-s01-068-nam-centralus;migrationStage=NotStarted Some updates remain.}
{"logTime": "1022/013024", "correlationVector":"VB+uPBkZZpQMxH2ejW/JLt","action":"Initial GetUpdates", "result":"", "context":Reason: NEWLY_SUPPORTED_DATATYPE. cV=VB+uPBkZZpQMxH2ejW/JLt}
{"logTime": "1022/013024", "correlationVector":"VB+uPBkZZpQMxH2ejW/JLt.1","action":"SyncServerConnectionManagerRequest", "result":"SYNC_SERVER_OK", "context":{"environment":"Prod_centralus_prod-s01-068-nam-centralus", "migrationStage":"NotStarted", "server":"akswtt104000007"}}
{"logTime": "1022/013024", "correlationVector":"VB+uPBkZZpQMxH2ejW/JLt.2","action":"ProcessGetUpdates", "result":"Done", "context":{"dataType":"Autofill", "deleted":"0", "process_failed_to_decrypt":"0", "process_pending_decryption":"0", "process_success":"250", "total":"250"}}
{"logTime": "1022/013024", "correlationVector":"VB+uPBkZZpQMxH2ejW/JLt.3","action":"GetUpdates Response", "result":"Success", "context":Received 250 update(s). cV=VB+uPBkZZpQMxH2ejW/JLt.0;server=akswtt104000007;cloudType=Consumer;environment=Prod_centralus_prod-s01-068-nam-centralus;migrationStage=NotStarted Some updates remain.}
{"logTime": "1022/013024", "correlationVector":"2uQuiXUrTT3mqh6ZdrVc8k","action":"Initial GetUpdates", "result":"", "context":Reason: NEWLY_SUPPORTED_DATATYPE. cV=2uQuiXUrTT3mqh6ZdrVc8k}
{"logTime": "1022/013025", "correlationVector":"2uQuiXUrTT3mqh6ZdrVc8k.1","action":"SyncServerConnectionManagerRequest", "result":"SYNC_SERVER_OK", "context":{"environment":"Prod_centralus_prod-s01-068-nam-centralus", "migrationStage":"NotStarted", "server":"akswtt10400002x"}}
{"logTime": "1022/013025", "correlationVector":"2uQuiXUrTT3mqh6ZdrVc8k.2","action":"ProcessGetUpdates", "result":"Done", "context":{"dataType":"Autofill", "deleted":"0", "process_failed_to_decrypt":"0", "process_pending_decryption":"0", "process_success":"130", "total":"130"}}
{"logTime": "1022/013025", "correlationVector":"2uQuiXUrTT3mqh6ZdrVc8k.3","action":"ProcessGetUpdates", "result":"Done", "context":{"dataType":"Extensions", "deleted":"0", "process_failed_to_decrypt":"0", "process_pending_decryption":"0", "process_success":"1", "total":"1"}}
{"logTime": "1022/013025", "correlationVector":"2uQuiXUrTT3mqh6ZdrVc8k.4","action":"ProcessGetUpdates", "result":"Done", "context":{"dataType":"Sessions", "deleted":"113", "process_failed_to_decrypt":"0", "process_pending_decryption":"0", "process_success":"113", "total":"113"}}
{"logTime": "1022/013025", "correlationVector":"2uQuiXUrTT3mqh6ZdrVc8k.5","action":"ProcessGetUpdates", "result":"Done", "context":{"dataType":"Extension settings", "deleted":"0", "process_failed_to_decrypt":"0", "process_pending_decryption":"0", "process_success":"4", "total":"4"}}
{"logTime": "1022/013025", "correlationVector":"2uQuiXUrTT3mqh6ZdrVc8k.6","action":"ProcessGetUpdates", "result":"Done", "context":{"dataType":"Edge Hub App Usage", "deleted":"1", "process_failed_to_decrypt":"0", "process_pending_decryption":"0", "process_success":"2", "total":"2"}}
{"logTime": "1022/013025", "correlationVector":"2uQuiXUrTT3mqh6ZdrVc8k.7","action":"GetUpdates Response", "result":"Success", "context":Received 250 update(s). cV=2uQuiXUrTT3mqh6ZdrVc8k.0;server=akswtt10400002x;cloudType=Consumer;environment=Prod_centralus_prod-s01-068-nam-centralus;migrationStage=NotStarted Some updates remain.}
{"logTime": "1022/013025", "correlationVector":"ecUEG3L+tS40xMePfPzXBE","action":"Initial GetUpdates", "result":"", "context":Reason: NEWLY_SUPPORTED_DATATYPE. cV=ecUEG3L+tS40xMePfPzXBE}
{"logTime": "1022/013026", "correlationVector":"ecUEG3L+tS40xMePfPzXBE.1","action":"SyncServerConnectionManagerRequest", "result":"SYNC_SERVER_OK", "context":{"environment":"Prod_centralus_prod-s01-068-nam-centralus", "migrationStage":"NotStarted", "server":"akswtt104000007"}}
{"logTime": "1022/013026", "correlationVector":"ecUEG3L+tS40xMePfPzXBE.2","action":"ProcessGetUpdates", "result":"Done", "context":{"dataType":"Autofill", "deleted":"0", "process_failed_to_decrypt":"0", "process_pending_decryption":"0", "process_success":"38", "total":"38"}}
{"logTime": "1022/013026", "correlationVector":"ecUEG3L+tS40xMePfPzXBE.3","action":"ProcessGetUpdates", "result":"Done", "context":{"dataType":"Extensions", "deleted":"0", "process_failed_to_decrypt":"0", "process_pending_decryption":"0", "process_success":"3", "total":"3"}}
{"logTime": "1022/013026", "correlationVector":"ecUEG3L+tS40xMePfPzXBE.4","action":"ProcessGetUpdates", "result":"Done", "context":{"dataType":"Sessions", "deleted":"196", "process_failed_to_decrypt":"0", "process_pending_decryption":"0", "process_success":"196", "total":"196"}}
{"logTime": "1022/013026", "correlationVector":"ecUEG3L+tS40xMePfPzXBE.5","action":"ProcessGetUpdates", "result":"Done", "context":{"dataType":"Web Apps", "deleted":"0", "process_failed_to_decrypt":"0", "process_pending_decryption":"0", "process_success":"1", "total":"1"}}
{"logTime": "1022/013026", "correlationVector":"ecUEG3L+tS40xMePfPzXBE.6","action":"ProcessGetUpdates", "result":"Done", "context":{"dataType":"Saved Tab Group", "deleted":"3", "process_failed_to_decrypt":"0", "process_pending_decryption":"0", "process_success":"3", "total":"3"}}
{"logTime": "1022/013026", "correlationVector":"ecUEG3L+tS40xMePfPzXBE.7","action":"ProcessGetUpdates", "result":"Done", "context":{"dataType":"Edge Hub App Usage", "deleted":"0", "process_failed_to_decrypt":"0", "process_pending_decryption":"0", "process_success":"9", "total":"9"}}
{"logTime": "1022/013026", "correlationVector":"ecUEG3L+tS40xMePfPzXBE.8","action":"GetUpdates Response", "result":"Success", "context":Received 250 update(s). cV=ecUEG3L+tS40xMePfPzXBE.0;server=akswtt104000007;cloudType=Consumer;environment=Prod_centralus_prod-s01-068-nam-centralus;migrationStage=NotStarted Some updates remain.}
{"logTime": "1022/013026", "correlationVector":"DHvyMgLwWyW1n3lwvhnkyG","action":"Initial GetUpdates", "result":"", "context":Reason: NEWLY_SUPPORTED_DATATYPE. cV=DHvyMgLwWyW1n3lwvhnkyG}
{"logTime": "1022/013028", "correlationVector":"DHvyMgLwWyW1n3lwvhnkyG.1","action":"SyncServerConnectionManagerRequest", "result":"SYNC_SERVER_OK", "context":{"environment":"Prod_centralus_prod-s01-068-nam-centralus", "migrationStage":"NotStarted", "server":"akswtt10400001d"}}
{"logTime": "1022/013028", "correlationVector":"DHvyMgLwWyW1n3lwvhnkyG.2","action":"ProcessGetUpdates", "result":"Done", "context":{"dataType":"Autofill", "deleted":"0", "process_failed_to_decrypt":"0", "process_pending_decryption":"0", "process_success":"26", "total":"26"}}
{"logTime": "1022/013028", "correlationVector":"DHvyMgLwWyW1n3lwvhnkyG.3","action":"ProcessGetUpdates", "result":"Done", "context":{"dataType":"Extensions", "deleted":"0", "process_failed_to_decrypt":"0", "process_pending_decryption":"0", "process_success":"1", "total":"1"}}
{"logTime": "1022/013028", "correlationVector":"DHvyMgLwWyW1n3lwvhnkyG.4","action":"ProcessGetUpdates", "result":"Done", "context":{"dataType":"Sessions", "deleted":"213", "process_failed_to_decrypt":"0", "process_pending_decryption":"0", "process_success":"213", "total":"213"}}
{"logTime": "1022/013028", "correlationVector":"DHvyMgLwWyW1n3lwvhnkyG.5","action":"ProcessGetUpdates", "result":"Done", "context":{"dataType":"Edge Hub App Usage", "deleted":"0", "process_failed_to_decrypt":"0", "process_pending_decryption":"0", "process_success":"10", "total":"10"}}
{"logTime": "1022/013028", "correlationVector":"DHvyMgLwWyW1n3lwvhnkyG.6","action":"GetUpdates Response", "result":"Success", "context":Received 250 update(s). cV=DHvyMgLwWyW1n3lwvhnkyG.0;server=akswtt10400001d;cloudType=Consumer;environment=Prod_centralus_prod-s01-068-nam-centralus;migrationStage=NotStarted Some updates remain.}
{"logTime": "1022/013028", "correlationVector":"FyO+YsXtkaOh5BHDPFmIZZ","action":"Initial GetUpdates", "result":"", "context":Reason: NEWLY_SUPPORTED_DATATYPE. cV=FyO+YsXtkaOh5BHDPFmIZZ}
{"logTime": "1022/013028", "correlationVector":"FyO+YsXtkaOh5BHDPFmIZZ.1","action":"SyncServerConnectionManagerRequest", "result":"SYNC_SERVER_OK", "context":{"environment":"Prod_centralus_prod-s01-068-nam-centralus", "migrationStage":"NotStarted", "server":"akswtt104000005"}}
{"logTime": "1022/013028", "correlationVector":"FyO+YsXtkaOh5BHDPFmIZZ.2","action":"ProcessGetUpdates", "result":"Done", "context":{"dataType":"Autofill", "deleted":"0", "process_failed_to_decrypt":"0", "process_pending_decryption":"0", "process_success":"23", "total":"23"}}
{"logTime": "1022/013028", "correlationVector":"FyO+YsXtkaOh5BHDPFmIZZ.3","action":"ProcessGetUpdates", "result":"Done", "context":{"dataType":"Extensions", "deleted":"0", "process_failed_to_decrypt":"0", "process_pending_decryption":"0", "process_success":"2", "total":"2"}}
{"logTime": "1022/013028", "correlationVector":"FyO+YsXtkaOh5BHDPFmIZZ.4","action":"ProcessGetUpdates", "result":"Done", "context":{"dataType":"Sessions", "deleted":"209", "process_failed_to_decrypt":"0", "process_pending_decryption":"0", "process_success":"209", "total":"209"}}
{"logTime": "1022/013028", "correlationVector":"FyO+YsXtkaOh5BHDPFmIZZ.5","action":"ProcessGetUpdates", "result":"Done", "context":{"dataType":"Edge Hub App Usage", "deleted":"12", "process_failed_to_decrypt":"0", "process_pending_decryption":"0", "process_success":"16", "total":"16"}}
{"logTime": "1022/013028", "correlationVector":"FyO+YsXtkaOh5BHDPFmIZZ.6","action":"GetUpdates Response", "result":"Success", "context":Received 250 update(s). cV=FyO+YsXtkaOh5BHDPFmIZZ.0;server=akswtt104000005;cloudType=Consumer;environment=Prod_centralus_prod-s01-068-nam-centralus;migrationStage=NotStarted Some updates remain.}
{"logTime": "1022/013028", "correlationVector":"cYZZO+u400NiyI/Konq9G4","action":"Initial GetUpdates", "result":"", "context":Reason: NEWLY_SUPPORTED_DATATYPE. cV=cYZZO+u400NiyI/Konq9G4}
{"logTime": "1022/013029", "correlationVector":"cYZZO+u400NiyI/Konq9G4.1","action":"SyncServerConnectionManagerRequest", "result":"SYNC_SERVER_OK", "context":{"environment":"Prod_centralus_prod-s01-068-nam-centralus", "migrationStage":"NotStarted", "server":"akswtt10400000y"}}
{"logTime": "1022/013029", "correlationVector":"cYZZO+u400NiyI/Konq9G4.2","action":"ProcessGetUpdates", "result":"Done", "context":{"dataType":"Autofill", "deleted":"0", "process_failed_to_decrypt":"0", "process_pending_decryption":"0", "process_success":"21", "total":"21"}}
{"logTime": "1022/013029", "correlationVector":"cYZZO+u400NiyI/Konq9G4.3","action":"ProcessGetUpdates", "result":"Done", "context":{"dataType":"Extensions", "deleted":"0", "process_failed_to_decrypt":"0", "process_pending_decryption":"0", "process_success":"2", "total":"2"}}
{"logTime": "1022/013029", "correlationVector":"cYZZO+u400NiyI/Konq9G4.4","action":"ProcessGetUpdates", "result":"Done", "context":{"dataType":"Sessions", "deleted":"215", "process_failed_to_decrypt":"0", "process_pending_decryption":"0", "process_success":"215", "total":"215"}}
{"logTime": "1022/013029", "correlationVector":"cYZZO+u400NiyI/Konq9G4.5","action":"ProcessGetUpdates", "result":"Done", "context":{"dataType":"Extension settings", "deleted":"0", "process_failed_to_decrypt":"0", "process_pending_decryption":"0", "process_success":"1", "total":"1"}}
{"logTime": "1022/013029", "correlationVector":"cYZZO+u400NiyI/Konq9G4.6","action":"ProcessGetUpdates", "result":"Done", "context":{"dataType":"History Delete Directives", "deleted":"0", "process_failed_to_decrypt":"0", "process_pending_decryption":"0", "process_success":"1", "total":"1"}}
{"logTime": "1022/013029", "correlationVector":"cYZZO+u400NiyI/Konq9G4.7","action":"ProcessGetUpdates", "result":"Done", "context":{"dataType":"Edge Hub App Usage", "deleted":"4", "process_failed_to_decrypt":"0", "process_pending_decryption":"0", "process_success":"10", "total":"10"}}
{"logTime": "1022/013029", "correlationVector":"cYZZO+u400NiyI/Konq9G4.8","action":"GetUpdates Response", "result":"Success", "context":Received 250 update(s). cV=cYZZO+u400NiyI/Konq9G4.0;server=akswtt10400000y;cloudType=Consumer;environment=Prod_centralus_prod-s01-068-nam-centralus;migrationStage=NotStarted Some updates remain.}
{"logTime": "1022/013029", "correlationVector":"YFMm1pQip45tdLonDjaFCq","action":"Initial GetUpdates", "result":"", "context":Reason: NEWLY_SUPPORTED_DATATYPE. cV=YFMm1pQip45tdLonDjaFCq}
{"logTime": "1022/013030", "correlationVector":"YFMm1pQip45tdLonDjaFCq.1","action":"SyncServerConnectionManagerRequest", "result":"SYNC_SERVER_OK", "context":{"environment":"Prod_centralus_prod-s01-068-nam-centralus", "migrationStage":"NotStarted", "server":"akswtt10400000p"}}
{"logTime": "1022/013030", "correlationVector":"YFMm1pQip45tdLonDjaFCq.2","action":"ProcessGetUpdates", "result":"Done", "context":{"dataType":"Autofill", "deleted":"0", "process_failed_to_decrypt":"0", "process_pending_decryption":"0", "process_success":"34", "total":"34"}}
{"logTime": "1022/013030", "correlationVector":"YFMm1pQip45tdLonDjaFCq.3","action":"ProcessGetUpdates", "result":"Done", "context":{"dataType":"Extensions", "deleted":"2", "process_failed_to_decrypt":"0", "process_pending_decryption":"0", "process_success":"4", "total":"4"}}
{"logTime": "1022/013030", "correlationVector":"YFMm1pQip45tdLonDjaFCq.4","action":"ProcessGetUpdates", "result":"Done", "context":{"dataType":"Sessions", "deleted":"197", "process_failed_to_decrypt":"0", "process_pending_decryption":"0", "process_success":"197", "total":"197"}}
{"logTime": "1022/013030", "correlationVector":"YFMm1pQip45tdLonDjaFCq.5","action":"ProcessGetUpdates", "result":"Done", "context":{"dataType":"History Delete Directives", "deleted":"0", "process_failed_to_decrypt":"0", "process_pending_decryption":"0", "process_success":"2", "total":"2"}}
{"logTime": "1022/013030", "correlationVector":"YFMm1pQip45tdLonDjaFCq.6","action":"ProcessGetUpdates", "result":"Done", "context":{"dataType":"Edge Hub App Usage", "deleted":"3", "process_failed_to_decrypt":"0", "process_pending_decryption":"0", "process_success":"13", "total":"13"}}
{"logTime": "1022/013030", "correlationVector":"YFMm1pQip45tdLonDjaFCq.7","action":"GetUpdates Response", "result":"Success", "context":Received 250 update(s). cV=YFMm1pQip45tdLonDjaFCq.0;server=akswtt10400000p;cloudType=Consumer;environment=Prod_centralus_prod-s01-068-nam-centralus;migrationStage=NotStarted Some updates remain.}
{"logTime": "1022/013030", "correlationVector":"QmEdZcSBmHRwIntGam9fqz","action":"Initial GetUpdates", "result":"", "context":Reason: NEWLY_SUPPORTED_DATATYPE. cV=QmEdZcSBmHRwIntGam9fqz}
{"logTime": "1022/013030", "correlationVector":"QmEdZcSBmHRwIntGam9fqz.1","action":"SyncServerConnectionManagerRequest", "result":"SYNC_SERVER_OK", "context":{"environment":"Prod_centralus_prod-s01-068-nam-centralus", "migrationStage":"NotStarted", "server":"akswtt10400003f"}}
{"logTime": "1022/013030", "correlationVector":"QmEdZcSBmHRwIntGam9fqz.2","action":"ProcessGetUpdates", "result":"Done", "context":{"dataType":"Autofill", "deleted":"0", "process_failed_to_decrypt":"0", "process_pending_decryption":"0", "process_success":"12", "total":"12"}}
{"logTime": "1022/013030", "correlationVector":"QmEdZcSBmHRwIntGam9fqz.3","action":"ProcessGetUpdates", "result":"Done", "context":{"dataType":"Extensions", "deleted":"0", "process_failed_to_decrypt":"0", "process_pending_decryption":"0", "process_success":"2", "total":"2"}}
{"logTime": "1022/013030", "correlationVector":"QmEdZcSBmHRwIntGam9fqz.4","action":"ProcessGetUpdates", "result":"Done", "context":{"dataType":"Sessions", "deleted":"232", "process_failed_to_decrypt":"0", "process_pending_decryption":"0", "process_success":"232", "total":"232"}}
{"logTime": "1022/013030", "correlationVector":"QmEdZcSBmHRwIntGam9fqz.5","action":"ProcessGetUpdates", "result":"Done", "context":{"dataType":"Edge Hub App Usage", "deleted":"0", "process_failed_to_decrypt":"0", "process_pending_decryption":"0", "process_success":"4", "total":"4"}}
{"logTime": "1022/013030", "correlationVector":"QmEdZcSBmHRwIntGam9fqz.6","action":"GetUpdates Response", "result":"Success", "context":Received 250 update(s). cV=QmEdZcSBmHRwIntGam9fqz.0;server=akswtt10400003f;cloudType=Consumer;environment=Prod_centralus_prod-s01-068-nam-centralus;migrationStage=NotStarted Some updates remain.}
{"logTime": "1022/013030", "correlationVector":"+dX0fFe0i/8bylJsWTfQSE","action":"Initial GetUpdates", "result":"", "context":Reason: NEWLY_SUPPORTED_DATATYPE. cV=+dX0fFe0i/8bylJsWTfQSE}
{"logTime": "1022/013031", "correlationVector":"+dX0fFe0i/8bylJsWTfQSE.1","action":"SyncServerConnectionManagerRequest", "result":"SYNC_SERVER_OK", "context":{"environment":"Prod_centralus_prod-s01-068-nam-centralus", "migrationStage":"NotStarted", "server":"akswtt104000007"}}
{"logTime": "1022/013031", "correlationVector":"+dX0fFe0i/8bylJsWTfQSE.2","action":"ProcessGetUpdates", "result":"Done", "context":{"dataType":"Autofill Profiles", "deleted":"109", "process_failed_to_decrypt":"0", "process_pending_decryption":"0", "process_success":"110", "total":"110"}}
{"logTime": "1022/013031", "correlationVector":"+dX0fFe0i/8bylJsWTfQSE.3","action":"ProcessGetUpdates", "result":"Done", "context":{"dataType":"Autofill", "deleted":"0", "process_failed_to_decrypt":"0", "process_pending_decryption":"0", "process_success":"9", "total":"9"}}
{"logTime": "1022/013031", "correlationVector":"+dX0fFe0i/8bylJsWTfQSE.4","action":"ProcessGetUpdates", "result":"Done", "context":{"dataType":"Extensions", "deleted":"0", "process_failed_to_decrypt":"0", "process_pending_decryption":"0", "process_success":"3", "total":"3"}}
{"logTime": "1022/013031", "correlationVector":"+dX0fFe0i/8bylJsWTfQSE.5","action":"ProcessGetUpdates", "result":"Done", "context":{"dataType":"Sessions", "deleted":"123", "process_failed_to_decrypt":"0", "process_pending_decryption":"0", "process_success":"123", "total":"123"}}
{"logTime": "1022/013031", "correlationVector":"+dX0fFe0i/8bylJsWTfQSE.6","action":"ProcessGetUpdates", "result":"Done", "context":{"dataType":"Edge Hub App Usage", "deleted":"0", "process_failed_to_decrypt":"0", "process_pending_decryption":"0", "process_success":"5", "total":"5"}}
{"logTime": "1022/013031", "correlationVector":"+dX0fFe0i/8bylJsWTfQSE.7","action":"GetUpdates Response", "result":"Success", "context":Received 250 update(s). cV=+dX0fFe0i/8bylJsWTfQSE.0;server=akswtt104000007;cloudType=Consumer;environment=Prod_centralus_prod-s01-068-nam-centralus;migrationStage=NotStarted Some updates remain.}
{"logTime": "1022/013031", "correlationVector":"fOaUI5uW9kTSBHZ9ee00kO","action":"Initial GetUpdates", "result":"", "context":Reason: NEWLY_SUPPORTED_DATATYPE. cV=fOaUI5uW9kTSBHZ9ee00kO}
{"logTime": "1022/013031", "correlationVector":"fOaUI5uW9kTSBHZ9ee00kO.1","action":"SyncServerConnectionManagerRequest", "result":"SYNC_SERVER_OK", "context":{"environment":"Prod_centralus_prod-s01-068-nam-centralus", "migrationStage":"NotStarted", "server":"akswtt10400000r"}}
{"logTime": "1022/013031", "correlationVector":"fOaUI5uW9kTSBHZ9ee00kO.2","action":"ProcessGetUpdates", "result":"Done", "context":{"dataType":"Autofill Profiles", "deleted":"0", "process_failed_to_decrypt":"0", "process_pending_decryption":"0", "process_success":"5", "total":"5"}}
{"logTime": "1022/013031", "correlationVector":"fOaUI5uW9kTSBHZ9ee00kO.3","action":"ProcessGetUpdates", "result":"Done", "context":{"dataType":"Autofill", "deleted":"0", "process_failed_to_decrypt":"0", "process_pending_decryption":"0", "process_success":"30", "total":"30"}}
{"logTime": "1022/013031", "correlationVector":"fOaUI5uW9kTSBHZ9ee00kO.4","action":"ProcessGetUpdates", "result":"Done", "context":{"dataType":"Extensions", "deleted":"0", "process_failed_to_decrypt":"0", "process_pending_decryption":"0", "process_success":"22", "total":"22"}}
{"logTime": "1022/013031", "correlationVector":"fOaUI5uW9kTSBHZ9ee00kO.5","action":"ProcessGetUpdates", "result":"Done", "context":{"dataType":"Sessions", "deleted":"175", "process_failed_to_decrypt":"0", "process_pending_decryption":"0", "process_success":"179", "total":"179"}}
{"logTime": "1022/013031", "correlationVector":"fOaUI5uW9kTSBHZ9ee00kO.6","action":"ProcessGetUpdates", "result":"Done", "context":{"dataType":"Web Apps", "deleted":"0", "process_failed_to_decrypt":"0", "process_pending_decryption":"0", "process_success":"1", "total":"1"}}
{"logTime": "1022/013031", "correlationVector":"fOaUI5uW9kTSBHZ9ee00kO.7","action":"ProcessGetUpdates", "result":"Done", "context":{"dataType":"Collection", "deleted":"0", "process_failed_to_decrypt":"0", "process_pending_decryption":"0", "process_success":"1", "total":"1"}}
{"logTime": "1022/013031", "correlationVector":"fOaUI5uW9kTSBHZ9ee00kO.8","action":"ProcessGetUpdates", "result":"Done", "context":{"dataType":"Edge Hub App Usage", "deleted":"5", "process_failed_to_decrypt":"0", "process_pending_decryption":"0", "process_success":"12", "total":"12"}}
{"logTime": "1022/013031", "correlationVector":"fOaUI5uW9kTSBHZ9ee00kO.9","action":"GetUpdates Response", "result":"Success", "context":Received 250 update(s). cV=fOaUI5uW9kTSBHZ9ee00kO.0;server=akswtt10400000r;cloudType=Consumer;environment=Prod_centralus_prod-s01-068-nam-centralus;migrationStage=NotStarted Some updates remain.}
{"logTime": "1022/013031", "correlationVector":"7nanOoIYmS1u3/QLRdSOPW","action":"Initial GetUpdates", "result":"", "context":Reason: NEWLY_SUPPORTED_DATATYPE. cV=7nanOoIYmS1u3/QLRdSOPW}
{"logTime": "1022/013032", "correlationVector":"7nanOoIYmS1u3/QLRdSOPW.1","action":"SyncServerConnectionManagerRequest", "result":"SYNC_SERVER_OK", "context":{"environment":"Prod_centralus_prod-s01-068-nam-centralus", "migrationStage":"NotStarted", "server":"akswtt104000005"}}
{"logTime": "1022/013032", "correlationVector":"7nanOoIYmS1u3/QLRdSOPW.2","action":"ProcessGetUpdates", "result":"Done", "context":{"dataType":"Autofill", "deleted":"0", "process_failed_to_decrypt":"0", "process_pending_decryption":"0", "process_success":"1", "total":"1"}}
{"logTime": "1022/013032", "correlationVector":"7nanOoIYmS1u3/QLRdSOPW.3","action":"ProcessGetUpdates", "result":"Done", "context":{"dataType":"Sessions", "deleted":"13", "process_failed_to_decrypt":"0", "process_pending_decryption":"0", "process_success":"15", "total":"15"}}
{"logTime": "1022/013032", "correlationVector":"7nanOoIYmS1u3/QLRdSOPW.4","action":"GetUpdates Response", "result":"Success", "context":Received 16 update(s). cV=7nanOoIYmS1u3/QLRdSOPW.0;server=akswtt104000005;cloudType=Consumer;environment=Prod_centralus_prod-s01-068-nam-centralus;migrationStage=NotStarted}
{"logTime": "1022/013032", "correlationVector":"MeXeOmbOwVkXA/Xl27qTyG","action":"Initial GetUpdates", "result":"", "context":Reason: NEWLY_SUPPORTED_DATATYPE. cV=MeXeOmbOwVkXA/Xl27qTyG}
{"logTime": "1022/013032", "correlationVector":"MeXeOmbOwVkXA/Xl27qTyG.1","action":"SyncServerConnectionManagerRequest", "result":"SYNC_SERVER_OK", "context":{"environment":"Prod_centralus_prod-s01-068-nam-centralus", "migrationStage":"NotStarted", "server":"akswtt10400001r"}}
{"logTime": "1022/013032", "correlationVector":"MeXeOmbOwVkXA/Xl27qTyG.2","action":"ProcessGetUpdates", "result":"Done", "context":{"dataType":"History", "deleted":"250", "process_failed_to_decrypt":"0", "process_pending_decryption":"0", "process_success":"250", "total":"250"}}
{"logTime": "1022/013032", "correlationVector":"MeXeOmbOwVkXA/Xl27qTyG.3","action":"GetUpdates Response", "result":"Success", "context":Received 250 update(s). cV=MeXeOmbOwVkXA/Xl27qTyG.0;server=akswtt10400001r;cloudType=Consumer;environment=Prod_centralus_prod-s01-068-nam-centralus;migrationStage=NotStarted Some updates remain.}
{"logTime": "1022/013032", "correlationVector":"oogVd7aHTJXnQhjW2rayha","action":"Initial GetUpdates", "result":"", "context":Reason: NEWLY_SUPPORTED_DATATYPE. cV=oogVd7aHTJXnQhjW2rayha}
{"logTime": "1022/013032", "correlationVector":"oogVd7aHTJXnQhjW2rayha.1","action":"SyncServerConnectionManagerRequest", "result":"SYNC_SERVER_OK", "context":{"environment":"Prod_centralus_prod-s01-068-nam-centralus", "migrationStage":"NotStarted", "server":"akswtt104000005"}}
{"logTime": "1022/013032", "correlationVector":"oogVd7aHTJXnQhjW2rayha.2","action":"ProcessGetUpdates", "result":"Done", "context":{"dataType":"History", "deleted":"250", "process_failed_to_decrypt":"0", "process_pending_decryption":"0", "process_success":"250", "total":"250"}}
{"logTime": "1022/013032", "correlationVector":"oogVd7aHTJXnQhjW2rayha.3","action":"GetUpdates Response", "result":"Success", "context":Received 250 update(s). cV=oogVd7aHTJXnQhjW2rayha.0;server=akswtt104000005;cloudType=Consumer;environment=Prod_centralus_prod-s01-068-nam-centralus;migrationStage=NotStarted Some updates remain.}
{"logTime": "1022/013032", "correlationVector":"jdHZww+CfzmRIY9+B0xstk","action":"Initial GetUpdates", "result":"", "context":Reason: NEWLY_SUPPORTED_DATATYPE. cV=jdHZww+CfzmRIY9+B0xstk}
{"logTime": "1022/013033", "correlationVector":"jdHZww+CfzmRIY9+B0xstk.1","action":"SyncServerConnectionManagerRequest", "result":"SYNC_SERVER_OK", "context":{"environment":"Prod_centralus_prod-s01-068-nam-centralus", "migrationStage":"NotStarted", "server":"akswtt10400001d"}}
{"logTime": "1022/013033", "correlationVector":"jdHZww+CfzmRIY9+B0xstk.2","action":"ProcessGetUpdates", "result":"Done", "context":{"dataType":"History", "deleted":"250", "process_failed_to_decrypt":"0", "process_pending_decryption":"0", "process_success":"250", "total":"250"}}
{"logTime": "1022/013033", "correlationVector":"jdHZww+CfzmRIY9+B0xstk.3","action":"GetUpdates Response", "result":"Success", "context":Received 250 update(s). cV=jdHZww+CfzmRIY9+B0xstk.0;server=akswtt10400001d;cloudType=Consumer;environment=Prod_centralus_prod-s01-068-nam-centralus;migrationStage=NotStarted Some updates remain.}
{"logTime": "1022/013033", "correlationVector":"J8vEFqU/U8FyIFfEd/Dl0T","action":"Initial GetUpdates", "result":"", "context":Reason: NEWLY_SUPPORTED_DATATYPE. cV=J8vEFqU/U8FyIFfEd/Dl0T}
{"logTime": "1022/013033", "correlationVector":"J8vEFqU/U8FyIFfEd/Dl0T.1","action":"SyncServerConnectionManagerRequest", "result":"SYNC_SERVER_OK", "context":{"environment":"Prod_centralus_prod-s01-068-nam-centralus", "migrationStage":"NotStarted", "server":"akswtt104000007"}}
{"logTime": "1022/013033", "correlationVector":"J8vEFqU/U8FyIFfEd/Dl0T.2","action":"ProcessGetUpdates", "result":"Done", "context":{"dataType":"History", "deleted":"250", "process_failed_to_decrypt":"0", "process_pending_decryption":"0", "process_success":"250", "total":"250"}}
{"logTime": "1022/013033", "correlationVector":"J8vEFqU/U8FyIFfEd/Dl0T.3","action":"GetUpdates Response", "result":"Success", "context":Received 250 update(s). cV=J8vEFqU/U8FyIFfEd/Dl0T.0;server=akswtt104000007;cloudType=Consumer;environment=Prod_centralus_prod-s01-068-nam-centralus;migrationStage=NotStarted Some updates remain.}
{"logTime": "1022/013033", "correlationVector":"/1TBGQkHU7OuVhbLd6546K","action":"Initial GetUpdates", "result":"", "context":Reason: NEWLY_SUPPORTED_DATATYPE. cV=/1TBGQkHU7OuVhbLd6546K}
{"logTime": "1022/013034", "correlationVector":"/1TBGQkHU7OuVhbLd6546K.1","action":"SyncServerConnectionManagerRequest", "result":"SYNC_SERVER_OK", "context":{"environment":"Prod_centralus_prod-s01-068-nam-centralus", "migrationStage":"NotStarted", "server":"akswtt104000005"}}
{"logTime": "1022/013034", "correlationVector":"/1TBGQkHU7OuVhbLd6546K.2","action":"ProcessGetUpdates", "result":"Done", "context":{"dataType":"History", "deleted":"250", "process_failed_to_decrypt":"0", "process_pending_decryption":"0", "process_success":"250", "total":"250"}}
{"logTime": "1022/013034", "correlationVector":"/1TBGQkHU7OuVhbLd6546K.3","action":"GetUpdates Response", "result":"Success", "context":Received 250 update(s). cV=/1TBGQkHU7OuVhbLd6546K.0;server=akswtt104000005;cloudType=Consumer;environment=Prod_centralus_prod-s01-068-nam-centralus;migrationStage=NotStarted Some updates remain.}
{"logTime": "1022/013034", "correlationVector":"FYG5lTlXRhI7U/1qAwQB7o","action":"Initial GetUpdates", "result":"", "context":Reason: NEWLY_SUPPORTED_DATATYPE. cV=FYG5lTlXRhI7U/1qAwQB7o}
{"logTime": "1022/013034", "correlationVector":"FYG5lTlXRhI7U/1qAwQB7o.1","action":"SyncServerConnectionManagerRequest", "result":"SYNC_SERVER_OK", "context":{"environment":"Prod_centralus_prod-s01-068-nam-centralus", "migrationStage":"NotStarted", "server":"akswtt10400002x"}}
{"logTime": "1022/013034", "correlationVector":"FYG5lTlXRhI7U/1qAwQB7o.2","action":"ProcessGetUpdates", "result":"Done", "context":{"dataType":"History", "deleted":"250", "process_failed_to_decrypt":"0", "process_pending_decryption":"0", "process_success":"250", "total":"250"}}
{"logTime": "1022/013034", "correlationVector":"FYG5lTlXRhI7U/1qAwQB7o.3","action":"GetUpdates Response", "result":"Success", "context":Received 250 update(s). cV=FYG5lTlXRhI7U/1qAwQB7o.0;server=akswtt10400002x;cloudType=Consumer;environment=Prod_centralus_prod-s01-068-nam-centralus;migrationStage=NotStarted Some updates remain.}
{"logTime": "1022/013034", "correlationVector":"oDVj52EmAH5A7YVhj8OzBP","action":"Initial GetUpdates", "result":"", "context":Reason: NEWLY_SUPPORTED_DATATYPE. cV=oDVj52EmAH5A7YVhj8OzBP}
{"logTime": "1022/013035", "correlationVector":"oDVj52EmAH5A7YVhj8OzBP.1","action":"SyncServerConnectionManagerRequest", "result":"SYNC_SERVER_OK", "context":{"environment":"Prod_centralus_prod-s01-068-nam-centralus", "migrationStage":"NotStarted", "server":"akswtt10400000r"}}
{"logTime": "1022/013035", "correlationVector":"oDVj52EmAH5A7YVhj8OzBP.2","action":"ProcessGetUpdates", "result":"Done", "context":{"dataType":"History", "deleted":"250", "process_failed_to_decrypt":"0", "process_pending_decryption":"0", "process_success":"250", "total":"250"}}
{"logTime": "1022/013035", "correlationVector":"oDVj52EmAH5A7YVhj8OzBP.3","action":"GetUpdates Response", "result":"Success", "context":Received 250 update(s). cV=oDVj52EmAH5A7YVhj8OzBP.0;server=akswtt10400000r;cloudType=Consumer;environment=Prod_centralus_prod-s01-068-nam-centralus;migrationStage=NotStarted Some updates remain.}
{"logTime": "1022/013035", "correlationVector":"DcBr4H0uaQo5cj++lnTcgg","action":"Initial GetUpdates", "result":"", "context":Reason: NEWLY_SUPPORTED_DATATYPE. cV=DcBr4H0uaQo5cj++lnTcgg}
{"logTime": "1022/013035", "correlationVector":"DcBr4H0uaQo5cj++lnTcgg.1","action":"SyncServerConnectionManagerRequest", "result":"SYNC_SERVER_OK", "context":{"environment":"Prod_centralus_prod-s01-068-nam-centralus", "migrationStage":"NotStarted", "server":"akswtt10400000p"}}
{"logTime": "1022/013035", "correlationVector":"DcBr4H0uaQo5cj++lnTcgg.2","action":"ProcessGetUpdates", "result":"Done", "context":{"dataType":"History", "deleted":"250", "process_failed_to_decrypt":"0", "process_pending_decryption":"0", "process_success":"250", "total":"250"}}
{"logTime": "1022/013035", "correlationVector":"DcBr4H0uaQo5cj++lnTcgg.3","action":"GetUpdates Response", "result":"Success", "context":Received 250 update(s). cV=DcBr4H0uaQo5cj++lnTcgg.0;server=akswtt10400000p;cloudType=Consumer;environment=Prod_centralus_prod-s01-068-nam-centralus;migrationStage=NotStarted Some updates remain.}
{"logTime": "1022/013035", "correlationVector":"DhihwdIf+Lq/u4tpOu9dS7","action":"Initial GetUpdates", "result":"", "context":Reason: NEWLY_SUPPORTED_DATATYPE. cV=DhihwdIf+Lq/u4tpOu9dS7}
{"logTime": "1022/013036", "correlationVector":"DhihwdIf+Lq/u4tpOu9dS7.1","action":"SyncServerConnectionManagerRequest", "result":"SYNC_SERVER_OK", "context":{"environment":"Prod_centralus_prod-s01-068-nam-centralus", "migrationStage":"NotStarted", "server":"akswtt104000029"}}
{"logTime": "1022/013036", "correlationVector":"DhihwdIf+Lq/u4tpOu9dS7.2","action":"ProcessGetUpdates", "result":"Done", "context":{"dataType":"History", "deleted":"250", "process_failed_to_decrypt":"0", "process_pending_decryption":"0", "process_success":"250", "total":"250"}}
{"logTime": "1022/013036", "correlationVector":"DhihwdIf+Lq/u4tpOu9dS7.3","action":"GetUpdates Response", "result":"Success", "context":Received 250 update(s). cV=DhihwdIf+Lq/u4tpOu9dS7.0;server=akswtt104000029;cloudType=Consumer;environment=Prod_centralus_prod-s01-068-nam-centralus;migrationStage=NotStarted Some updates remain.}
{"logTime": "1022/013036", "correlationVector":"k/YRutopx0O/GVAICYljbb","action":"Initial GetUpdates", "result":"", "context":Reason: NEWLY_SUPPORTED_DATATYPE. cV=k/YRutopx0O/GVAICYljbb}
{"logTime": "1022/013036", "correlationVector":"k/YRutopx0O/GVAICYljbb.1","action":"SyncServerConnectionManagerRequest", "result":"SYNC_SERVER_OK", "context":{"environment":"Prod_centralus_prod-s01-068-nam-centralus", "migrationStage":"NotStarted", "server":"akswtt10400002x"}}
{"logTime": "1022/013036", "correlationVector":"k/YRutopx0O/GVAICYljbb.2","action":"ProcessGetUpdates", "result":"Done", "context":{"dataType":"History", "deleted":"250", "process_failed_to_decrypt":"0", "process_pending_decryption":"0", "process_success":"250", "total":"250"}}
{"logTime": "1022/013036", "correlationVector":"k/YRutopx0O/GVAICYljbb.3","action":"GetUpdates Response", "result":"Success", "context":Received 250 update(s). cV=k/YRutopx0O/GVAICYljbb.0;server=akswtt10400002x;cloudType=Consumer;environment=Prod_centralus_prod-s01-068-nam-centralus;migrationStage=NotStarted Some updates remain.}
{"logTime": "1022/013036", "correlationVector":"z8I8x/WP9oCd4uk/8AFnnC","action":"Initial GetUpdates", "result":"", "context":Reason: NEWLY_SUPPORTED_DATATYPE. cV=z8I8x/WP9oCd4uk/8AFnnC}
{"logTime": "1022/013036", "correlationVector":"z8I8x/WP9oCd4uk/8AFnnC.1","action":"SyncServerConnectionManagerRequest", "result":"SYNC_SERVER_OK", "context":{"environment":"Prod_centralus_prod-s01-068-nam-centralus", "migrationStage":"NotStarted", "server":"akswtt10400000r"}}
{"logTime": "1022/013036", "correlationVector":"z8I8x/WP9oCd4uk/8AFnnC.2","action":"ProcessGetUpdates", "result":"Done", "context":{"dataType":"History", "deleted":"250", "process_failed_to_decrypt":"0", "process_pending_decryption":"0", "process_success":"250", "total":"250"}}
{"logTime": "1022/013036", "correlationVector":"z8I8x/WP9oCd4uk/8AFnnC.3","action":"GetUpdates Response", "result":"Success", "context":Received 250 update(s). cV=z8I8x/WP9oCd4uk/8AFnnC.0;server=akswtt10400000r;cloudType=Consumer;environment=Prod_centralus_prod-s01-068-nam-centralus;migrationStage=NotStarted Some updates remain.}
{"logTime": "1022/013036", "correlationVector":"0BWjL3JXt6/YutI95t4Bw+","action":"Initial GetUpdates", "result":"", "context":Reason: NEWLY_SUPPORTED_DATATYPE. cV=0BWjL3JXt6/YutI95t4Bw+}
{"logTime": "1022/013037", "correlationVector":"0BWjL3JXt6/YutI95t4Bw+.1","action":"SyncServerConnectionManagerRequest", "result":"SYNC_SERVER_OK", "context":{"environment":"Prod_centralus_prod-s01-068-nam-centralus", "migrationStage":"NotStarted", "server":"akswtt10400002x"}}
{"logTime": "1022/013037", "correlationVector":"0BWjL3JXt6/YutI95t4Bw+.2","action":"ProcessGetUpdates", "result":"Done", "context":{"dataType":"History", "deleted":"250", "process_failed_to_decrypt":"0", "process_pending_decryption":"0", "process_success":"250", "total":"250"}}
{"logTime": "1022/013037", "correlationVector":"0BWjL3JXt6/YutI95t4Bw+.3","action":"GetUpdates Response", "result":"Success", "context":Received 250 update(s). cV=0BWjL3JXt6/YutI95t4Bw+.0;server=akswtt10400002x;cloudType=Consumer;environment=Prod_centralus_prod-s01-068-nam-centralus;migrationStage=NotStarted Some updates remain.}
{"logTime": "1022/013037", "correlationVector":"wThCem2MZNwW/11tdAeYvb","action":"Initial GetUpdates", "result":"", "context":Reason: NEWLY_SUPPORTED_DATATYPE. cV=wThCem2MZNwW/11tdAeYvb}
{"logTime": "1022/013037", "correlationVector":"wThCem2MZNwW/11tdAeYvb.1","action":"SyncServerConnectionManagerRequest", "result":"SYNC_SERVER_OK", "context":{"environment":"Prod_centralus_prod-s01-068-nam-centralus", "migrationStage":"NotStarted", "server":"akswtt10400001v"}}
{"logTime": "1022/013037", "correlationVector":"wThCem2MZNwW/11tdAeYvb.2","action":"ProcessGetUpdates", "result":"Done", "context":{"dataType":"History", "deleted":"250", "process_failed_to_decrypt":"0", "process_pending_decryption":"0", "process_success":"250", "total":"250"}}
{"logTime": "1022/013037", "correlationVector":"wThCem2MZNwW/11tdAeYvb.3","action":"GetUpdates Response", "result":"Success", "context":Received 250 update(s). cV=wThCem2MZNwW/11tdAeYvb.0;server=akswtt10400001v;cloudType=Consumer;environment=Prod_centralus_prod-s01-068-nam-centralus;migrationStage=NotStarted Some updates remain.}
{"logTime": "1022/013037", "correlationVector":"utD1/qgxFjfnVJvdnymGcJ","action":"Initial GetUpdates", "result":"", "context":Reason: NEWLY_SUPPORTED_DATATYPE. cV=utD1/qgxFjfnVJvdnymGcJ}
{"logTime": "1022/013038", "correlationVector":"utD1/qgxFjfnVJvdnymGcJ.1","action":"SyncServerConnectionManagerRequest", "result":"SYNC_SERVER_OK", "context":{"environment":"Prod_centralus_prod-s01-068-nam-centralus", "migrationStage":"NotStarted", "server":"akswtt10400002x"}}
{"logTime": "1022/013038", "correlationVector":"utD1/qgxFjfnVJvdnymGcJ.2","action":"ProcessGetUpdates", "result":"Done", "context":{"dataType":"History", "deleted":"250", "process_failed_to_decrypt":"0", "process_pending_decryption":"0", "process_success":"250", "total":"250"}}
{"logTime": "1022/013038", "correlationVector":"utD1/qgxFjfnVJvdnymGcJ.3","action":"GetUpdates Response", "result":"Success", "context":Received 250 update(s). cV=utD1/qgxFjfnVJvdnymGcJ.0;server=akswtt10400002x;cloudType=Consumer;environment=Prod_centralus_prod-s01-068-nam-centralus;migrationStage=NotStarted Some updates remain.}
{"logTime": "1022/013038", "correlationVector":"FDB28zwcJNHvSIeWSGF1t6","action":"Initial GetUpdates", "result":"", "context":Reason: NEWLY_SUPPORTED_DATATYPE. cV=FDB28zwcJNHvSIeWSGF1t6}
{"logTime": "1022/013038", "correlationVector":"FDB28zwcJNHvSIeWSGF1t6.1","action":"SyncServerConnectionManagerRequest", "result":"SYNC_SERVER_OK", "context":{"environment":"Prod_centralus_prod-s01-068-nam-centralus", "migrationStage":"NotStarted", "server":"akswtt104000007"}}
{"logTime": "1022/013038", "correlationVector":"FDB28zwcJNHvSIeWSGF1t6.2","action":"ProcessGetUpdates", "result":"Done", "context":{"dataType":"History", "deleted":"250", "process_failed_to_decrypt":"0", "process_pending_decryption":"0", "process_success":"250", "total":"250"}}
{"logTime": "1022/013038", "correlationVector":"FDB28zwcJNHvSIeWSGF1t6.3","action":"GetUpdates Response", "result":"Success", "context":Received 250 update(s). cV=FDB28zwcJNHvSIeWSGF1t6.0;server=akswtt104000007;cloudType=Consumer;environment=Prod_centralus_prod-s01-068-nam-centralus;migrationStage=NotStarted Some updates remain.}
{"logTime": "1022/013038", "correlationVector":"lBjF+Q+GivUPRhH9oCWIh/","action":"Initial GetUpdates", "result":"", "context":Reason: NEWLY_SUPPORTED_DATATYPE. cV=lBjF+Q+GivUPRhH9oCWIh/}
{"logTime": "1022/013039", "correlationVector":"lBjF+Q+GivUPRhH9oCWIh/.1","action":"SyncServerConnectionManagerRequest", "result":"SYNC_SERVER_OK", "context":{"environment":"Prod_centralus_prod-s01-068-nam-centralus", "migrationStage":"NotStarted", "server":"akswtt104000027"}}
{"logTime": "1022/013039", "correlationVector":"lBjF+Q+GivUPRhH9oCWIh/.2","action":"ProcessGetUpdates", "result":"Done", "context":{"dataType":"History", "deleted":"42", "process_failed_to_decrypt":"0", "process_pending_decryption":"0", "process_success":"250", "total":"250"}}
{"logTime": "1022/013039", "correlationVector":"lBjF+Q+GivUPRhH9oCWIh/.3","action":"GetUpdates Response", "result":"Success", "context":Received 250 update(s). cV=lBjF+Q+GivUPRhH9oCWIh/.0;server=akswtt104000027;cloudType=Consumer;environment=Prod_centralus_prod-s01-068-nam-centralus;migrationStage=NotStarted Some updates remain.}
{"logTime": "1022/013039", "correlationVector":"MWopmRLZ+QG5RCAdUQTACL","action":"Initial GetUpdates", "result":"", "context":Reason: NEWLY_SUPPORTED_DATATYPE. cV=MWopmRLZ+QG5RCAdUQTACL}
{"logTime": "1022/013039", "correlationVector":"MWopmRLZ+QG5RCAdUQTACL.1","action":"SyncServerConnectionManagerRequest", "result":"SYNC_SERVER_OK", "context":{"environment":"Prod_centralus_prod-s01-068-nam-centralus", "migrationStage":"NotStarted", "server":"akswtt10400001r"}}
{"logTime": "1022/013039", "correlationVector":"MWopmRLZ+QG5RCAdUQTACL.2","action":"ProcessGetUpdates", "result":"Done", "context":{"dataType":"History", "deleted":"0", "process_failed_to_decrypt":"0", "process_pending_decryption":"0", "process_success":"250", "total":"250"}}
{"logTime": "1022/013039", "correlationVector":"MWopmRLZ+QG5RCAdUQTACL.3","action":"GetUpdates Response", "result":"Success", "context":Received 250 update(s). cV=MWopmRLZ+QG5RCAdUQTACL.0;server=akswtt10400001r;cloudType=Consumer;environment=Prod_centralus_prod-s01-068-nam-centralus;migrationStage=NotStarted Some updates remain.}
{"logTime": "1022/013039", "correlationVector":"xzRCypc5QLvgDnJTM4pTib","action":"Initial GetUpdates", "result":"", "context":Reason: NEWLY_SUPPORTED_DATATYPE. cV=xzRCypc5QLvgDnJTM4pTib}
{"logTime": "1022/013040", "correlationVector":"xzRCypc5QLvgDnJTM4pTib.1","action":"SyncServerConnectionManagerRequest", "result":"SYNC_SERVER_OK", "context":{"environment":"Prod_centralus_prod-s01-068-nam-centralus", "migrationStage":"NotStarted", "server":"akswtt10400002x"}}
{"logTime": "1022/013040", "correlationVector":"xzRCypc5QLvgDnJTM4pTib.2","action":"ProcessGetUpdates", "result":"Done", "context":{"dataType":"History", "deleted":"0", "process_failed_to_decrypt":"0", "process_pending_decryption":"0", "process_success":"250", "total":"250"}}
{"logTime": "1022/013040", "correlationVector":"xzRCypc5QLvgDnJTM4pTib.3","action":"GetUpdates Response", "result":"Success", "context":Received 250 update(s). cV=xzRCypc5QLvgDnJTM4pTib.0;server=akswtt10400002x;cloudType=Consumer;environment=Prod_centralus_prod-s01-068-nam-centralus;migrationStage=NotStarted Some updates remain.}
{"logTime": "1022/013040", "correlationVector":"c5nzjZWxaYoylyCF//ajbS","action":"Initial GetUpdates", "result":"", "context":Reason: NEWLY_SUPPORTED_DATATYPE. cV=c5nzjZWxaYoylyCF//ajbS}
{"logTime": "1022/013040", "correlationVector":"c5nzjZWxaYoylyCF//ajbS.1","action":"SyncServerConnectionManagerRequest", "result":"SYNC_SERVER_OK", "context":{"environment":"Prod_centralus_prod-s01-068-nam-centralus", "migrationStage":"NotStarted", "server":"akswtt10400000y"}}
{"logTime": "1022/013040", "correlationVector":"c5nzjZWxaYoylyCF//ajbS.2","action":"ProcessGetUpdates", "result":"Done", "context":{"dataType":"History", "deleted":"0", "process_failed_to_decrypt":"0", "process_pending_decryption":"0", "process_success":"250", "total":"250"}}
{"logTime": "1022/013040", "correlationVector":"c5nzjZWxaYoylyCF//ajbS.3","action":"GetUpdates Response", "result":"Success", "context":Received 250 update(s). cV=c5nzjZWxaYoylyCF//ajbS.0;server=akswtt10400000y;cloudType=Consumer;environment=Prod_centralus_prod-s01-068-nam-centralus;migrationStage=NotStarted Some updates remain.}
{"logTime": "1022/013040", "correlationVector":"ot7BsSaIxkbeXu96bJ8J3R","action":"Initial GetUpdates", "result":"", "context":Reason: NEWLY_SUPPORTED_DATATYPE. cV=ot7BsSaIxkbeXu96bJ8J3R}
{"logTime": "1022/013041", "correlationVector":"ot7BsSaIxkbeXu96bJ8J3R.1","action":"SyncServerConnectionManagerRequest", "result":"SYNC_SERVER_OK", "context":{"environment":"Prod_centralus_prod-s01-068-nam-centralus", "migrationStage":"NotStarted", "server":"akswtt10400001d"}}
{"logTime": "1022/013041", "correlationVector":"ot7BsSaIxkbeXu96bJ8J3R.2","action":"ProcessGetUpdates", "result":"Done", "context":{"dataType":"History", "deleted":"0", "process_failed_to_decrypt":"0", "process_pending_decryption":"0", "process_success":"250", "total":"250"}}
{"logTime": "1022/013041", "correlationVector":"ot7BsSaIxkbeXu96bJ8J3R.3","action":"GetUpdates Response", "result":"Success", "context":Received 250 update(s). cV=ot7BsSaIxkbeXu96bJ8J3R.0;server=akswtt10400001d;cloudType=Consumer;environment=Prod_centralus_prod-s01-068-nam-centralus;migrationStage=NotStarted Some updates remain.}
{"logTime": "1022/013041", "correlationVector":"rIvv4iUkISSl/xCIreej1l","action":"Initial GetUpdates", "result":"", "context":Reason: NEWLY_SUPPORTED_DATATYPE. cV=rIvv4iUkISSl/xCIreej1l}
{"logTime": "1022/013041", "correlationVector":"rIvv4iUkISSl/xCIreej1l.1","action":"SyncServerConnectionManagerRequest", "result":"SYNC_SERVER_OK", "context":{"environment":"Prod_centralus_prod-s01-068-nam-centralus", "migrationStage":"NotStarted", "server":"akswtt10400002x"}}
{"logTime": "1022/013041", "correlationVector":"rIvv4iUkISSl/xCIreej1l.2","action":"ProcessGetUpdates", "result":"Done", "context":{"dataType":"History", "deleted":"0", "process_failed_to_decrypt":"0", "process_pending_decryption":"0", "process_success":"250", "total":"250"}}
{"logTime": "1022/013041", "correlationVector":"rIvv4iUkISSl/xCIreej1l.3","action":"GetUpdates Response", "result":"Success", "context":Received 250 update(s). cV=rIvv4iUkISSl/xCIreej1l.0;server=akswtt10400002x;cloudType=Consumer;environment=Prod_centralus_prod-s01-068-nam-centralus;migrationStage=NotStarted Some updates remain.}
{"logTime": "1022/013041", "correlationVector":"qrieqo3hQU1ld83v4B446h","action":"Initial GetUpdates", "result":"", "context":Reason: NEWLY_SUPPORTED_DATATYPE. cV=qrieqo3hQU1ld83v4B446h}
{"logTime": "1022/013041", "correlationVector":"qrieqo3hQU1ld83v4B446h.1","action":"SyncServerConnectionManagerRequest", "result":"SYNC_SERVER_OK", "context":{"environment":"Prod_centralus_prod-s01-068-nam-centralus", "migrationStage":"NotStarted", "server":"akswtt10400000r"}}
{"logTime": "1022/013041", "correlationVector":"qrieqo3hQU1ld83v4B446h.2","action":"ProcessGetUpdates", "result":"Done", "context":{"dataType":"History", "deleted":"0", "process_failed_to_decrypt":"0", "process_pending_decryption":"0", "process_success":"250", "total":"250"}}
{"logTime": "1022/013041", "correlationVector":"qrieqo3hQU1ld83v4B446h.3","action":"GetUpdates Response", "result":"Success", "context":Received 250 update(s). cV=qrieqo3hQU1ld83v4B446h.0;server=akswtt10400000r;cloudType=Consumer;environment=Prod_centralus_prod-s01-068-nam-centralus;migrationStage=NotStarted Some updates remain.}
{"logTime": "1022/013041", "correlationVector":"vSEviZ9ts6+hSv55vVGkrr","action":"Initial GetUpdates", "result":"", "context":Reason: NEWLY_SUPPORTED_DATATYPE. cV=vSEviZ9ts6+hSv55vVGkrr}
{"logTime": "1022/013042", "correlationVector":"vSEviZ9ts6+hSv55vVGkrr.1","action":"SyncServerConnectionManagerRequest", "result":"SYNC_SERVER_OK", "context":{"environment":"Prod_centralus_prod-s01-068-nam-centralus", "migrationStage":"NotStarted", "server":"akswtt10400002x"}}
{"logTime": "1022/013042", "correlationVector":"vSEviZ9ts6+hSv55vVGkrr.2","action":"ProcessGetUpdates", "result":"Done", "context":{"dataType":"History", "deleted":"0", "process_failed_to_decrypt":"0", "process_pending_decryption":"0", "process_success":"250", "total":"250"}}
{"logTime": "1022/013042", "correlationVector":"vSEviZ9ts6+hSv55vVGkrr.3","action":"GetUpdates Response", "result":"Success", "context":Received 250 update(s). cV=vSEviZ9ts6+hSv55vVGkrr.0;server=akswtt10400002x;cloudType=Consumer;environment=Prod_centralus_prod-s01-068-nam-centralus;migrationStage=NotStarted Some updates remain.}
{"logTime": "1022/013042", "correlationVector":"KXDNCGZdeYlDmevzcxBsUe","action":"Initial GetUpdates", "result":"", "context":Reason: NEWLY_SUPPORTED_DATATYPE. cV=KXDNCGZdeYlDmevzcxBsUe}
{"logTime": "1022/013042", "correlationVector":"KXDNCGZdeYlDmevzcxBsUe.1","action":"SyncServerConnectionManagerRequest", "result":"SYNC_SERVER_OK", "context":{"environment":"Prod_centralus_prod-s01-068-nam-centralus", "migrationStage":"NotStarted", "server":"akswtt104000007"}}
{"logTime": "1022/013042", "correlationVector":"KXDNCGZdeYlDmevzcxBsUe.2","action":"ProcessGetUpdates", "result":"Done", "context":{"dataType":"History", "deleted":"0", "process_failed_to_decrypt":"0", "process_pending_decryption":"0", "process_success":"250", "total":"250"}}
{"logTime": "1022/013042", "correlationVector":"KXDNCGZdeYlDmevzcxBsUe.3","action":"GetUpdates Response", "result":"Success", "context":Received 250 update(s). cV=KXDNCGZdeYlDmevzcxBsUe.0;server=akswtt104000007;cloudType=Consumer;environment=Prod_centralus_prod-s01-068-nam-centralus;migrationStage=NotStarted Some updates remain.}
{"logTime": "1022/013042", "correlationVector":"dIXV2pUtXizp/92OSMbWYc","action":"Initial GetUpdates", "result":"", "context":Reason: NEWLY_SUPPORTED_DATATYPE. cV=dIXV2pUtXizp/92OSMbWYc}
{"logTime": "1022/013043", "correlationVector":"dIXV2pUtXizp/92OSMbWYc.1","action":"SyncServerConnectionManagerRequest", "result":"SYNC_SERVER_OK", "context":{"environment":"Prod_centralus_prod-s01-068-nam-centralus", "migrationStage":"NotStarted", "server":"akswtt104000007"}}
{"logTime": "1022/013043", "correlationVector":"dIXV2pUtXizp/92OSMbWYc.2","action":"ProcessGetUpdates", "result":"Done", "context":{"dataType":"History", "deleted":"0", "process_failed_to_decrypt":"0", "process_pending_decryption":"0", "process_success":"250", "total":"250"}}
{"logTime": "1022/013043", "correlationVector":"dIXV2pUtXizp/92OSMbWYc.3","action":"GetUpdates Response", "result":"Success", "context":Received 250 update(s). cV=dIXV2pUtXizp/92OSMbWYc.0;server=akswtt104000007;cloudType=Consumer;environment=Prod_centralus_prod-s01-068-nam-centralus;migrationStage=NotStarted Some updates remain.}
{"logTime": "1022/013043", "correlationVector":"+u1dGyaqzchkd81YUJ1cJg","action":"Initial GetUpdates", "result":"", "context":Reason: NEWLY_SUPPORTED_DATATYPE. cV=+u1dGyaqzchkd81YUJ1cJg}
{"logTime": "1022/013043", "correlationVector":"+u1dGyaqzchkd81YUJ1cJg.1","action":"SyncServerConnectionManagerRequest", "result":"SYNC_SERVER_OK", "context":{"environment":"Prod_centralus_prod-s01-068-nam-centralus", "migrationStage":"NotStarted", "server":"akswtt10400001v"}}
{"logTime": "1022/013043", "correlationVector":"+u1dGyaqzchkd81YUJ1cJg.2","action":"ProcessGetUpdates", "result":"Done", "context":{"dataType":"History", "deleted":"0", "process_failed_to_decrypt":"0", "process_pending_decryption":"0", "process_success":"250", "total":"250"}}
{"logTime": "1022/013043", "correlationVector":"+u1dGyaqzchkd81YUJ1cJg.3","action":"GetUpdates Response", "result":"Success", "context":Received 250 update(s). cV=+u1dGyaqzchkd81YUJ1cJg.0;server=akswtt10400001v;cloudType=Consumer;environment=Prod_centralus_prod-s01-068-nam-centralus;migrationStage=NotStarted Some updates remain.}
{"logTime": "1022/013043", "correlationVector":"r1TdvHsxc0EBDkZGiVdt7D","action":"Initial GetUpdates", "result":"", "context":Reason: NEWLY_SUPPORTED_DATATYPE. cV=r1TdvHsxc0EBDkZGiVdt7D}
{"logTime": "1022/013044", "correlationVector":"r1TdvHsxc0EBDkZGiVdt7D.1","action":"SyncServerConnectionManagerRequest", "result":"SYNC_SERVER_OK", "context":{"environment":"Prod_centralus_prod-s01-068-nam-centralus", "migrationStage":"NotStarted", "server":"akswtt10400000r"}}
{"logTime": "1022/013044", "correlationVector":"r1TdvHsxc0EBDkZGiVdt7D.2","action":"ProcessGetUpdates", "result":"Done", "context":{"dataType":"History", "deleted":"0", "process_failed_to_decrypt":"0", "process_pending_decryption":"0", "process_success":"250", "total":"250"}}
{"logTime": "1022/013044", "correlationVector":"r1TdvHsxc0EBDkZGiVdt7D.3","action":"GetUpdates Response", "result":"Success", "context":Received 250 update(s). cV=r1TdvHsxc0EBDkZGiVdt7D.0;server=akswtt10400000r;cloudType=Consumer;environment=Prod_centralus_prod-s01-068-nam-centralus;migrationStage=NotStarted Some updates remain.}
{"logTime": "1022/013044", "correlationVector":"h3/EnPtoH2EkCnwxXg47NU","action":"Initial GetUpdates", "result":"", "context":Reason: NEWLY_SUPPORTED_DATATYPE. cV=h3/EnPtoH2EkCnwxXg47NU}
{"logTime": "1022/013044", "correlationVector":"h3/EnPtoH2EkCnwxXg47NU.1","action":"SyncServerConnectionManagerRequest", "result":"SYNC_SERVER_OK", "context":{"environment":"Prod_centralus_prod-s01-068-nam-centralus", "migrationStage":"NotStarted", "server":"akswtt10400001v"}}
{"logTime": "1022/013044", "correlationVector":"h3/EnPtoH2EkCnwxXg47NU.2","action":"ProcessGetUpdates", "result":"Done", "context":{"dataType":"History", "deleted":"0", "process_failed_to_decrypt":"0", "process_pending_decryption":"0", "process_success":"250", "total":"250"}}
{"logTime": "1022/013044", "correlationVector":"h3/EnPtoH2EkCnwxXg47NU.3","action":"GetUpdates Response", "result":"Success", "context":Received 250 update(s). cV=h3/EnPtoH2EkCnwxXg47NU.0;server=akswtt10400001v;cloudType=Consumer;environment=Prod_centralus_prod-s01-068-nam-centralus;migrationStage=NotStarted Some updates remain.}
{"logTime": "1022/013044", "correlationVector":"ggosH0bFxfIA308MrEsrQd","action":"Initial GetUpdates", "result":"", "context":Reason: NEWLY_SUPPORTED_DATATYPE. cV=ggosH0bFxfIA308MrEsrQd}
{"logTime": "1022/013045", "correlationVector":"ggosH0bFxfIA308MrEsrQd.1","action":"SyncServerConnectionManagerRequest", "result":"SYNC_SERVER_OK", "context":{"environment":"Prod_centralus_prod-s01-068-nam-centralus", "migrationStage":"NotStarted", "server":"akswtt104000007"}}
{"logTime": "1022/013045", "correlationVector":"ggosH0bFxfIA308MrEsrQd.2","action":"ProcessGetUpdates", "result":"Done", "context":{"dataType":"History", "deleted":"0", "process_failed_to_decrypt":"0", "process_pending_decryption":"0", "process_success":"250", "total":"250"}}
{"logTime": "1022/013045", "correlationVector":"ggosH0bFxfIA308MrEsrQd.3","action":"GetUpdates Response", "result":"Success", "context":Received 250 update(s). cV=ggosH0bFxfIA308MrEsrQd.0;server=akswtt104000007;cloudType=Consumer;environment=Prod_centralus_prod-s01-068-nam-centralus;migrationStage=NotStarted Some updates remain.}
{"logTime": "1022/013045", "correlationVector":"CXgTmUGb2qa5G/XWS9U176","action":"Initial GetUpdates", "result":"", "context":Reason: NEWLY_SUPPORTED_DATATYPE. cV=CXgTmUGb2qa5G/XWS9U176}
{"logTime": "1022/013045", "correlationVector":"CXgTmUGb2qa5G/XWS9U176.1","action":"SyncServerConnectionManagerRequest", "result":"SYNC_SERVER_OK", "context":{"environment":"Prod_centralus_prod-s01-068-nam-centralus", "migrationStage":"NotStarted", "server":"akswtt10400001v"}}
{"logTime": "1022/013045", "correlationVector":"CXgTmUGb2qa5G/XWS9U176.2","action":"ProcessGetUpdates", "result":"Done", "context":{"dataType":"History", "deleted":"0", "process_failed_to_decrypt":"0", "process_pending_decryption":"0", "process_success":"250", "total":"250"}}
{"logTime": "1022/013045", "correlationVector":"CXgTmUGb2qa5G/XWS9U176.3","action":"GetUpdates Response", "result":"Success", "context":Received 250 update(s). cV=CXgTmUGb2qa5G/XWS9U176.0;server=akswtt10400001v;cloudType=Consumer;environment=Prod_centralus_prod-s01-068-nam-centralus;migrationStage=NotStarted Some updates remain.}
{"logTime": "1022/013045", "correlationVector":"IKlcE5ldKKUb1b55Ql7smd","action":"Initial GetUpdates", "result":"", "context":Reason: NEWLY_SUPPORTED_DATATYPE. cV=IKlcE5ldKKUb1b55Ql7smd}
{"logTime": "1022/013046", "correlationVector":"IKlcE5ldKKUb1b55Ql7smd.1","action":"SyncServerConnectionManagerRequest", "result":"SYNC_SERVER_OK", "context":{"environment":"Prod_centralus_prod-s01-068-nam-centralus", "migrationStage":"NotStarted", "server":"akswtt104000007"}}
{"logTime": "1022/013046", "correlationVector":"IKlcE5ldKKUb1b55Ql7smd.2","action":"ProcessGetUpdates", "result":"Done", "context":{"dataType":"History", "deleted":"0", "process_failed_to_decrypt":"0", "process_pending_decryption":"0", "process_success":"100", "total":"100"}}
{"logTime": "1022/013046", "correlationVector":"IKlcE5ldKKUb1b55Ql7smd.3","action":"GetUpdates Response", "result":"Success", "context":Received 100 update(s). cV=IKlcE5ldKKUb1b55Ql7smd.0;server=akswtt104000007;cloudType=Consumer;environment=Prod_centralus_prod-s01-068-nam-centralus;migrationStage=NotStarted}
{"logTime": "1022/013046", "correlationVector":"PfSeSvotEdDa/CZLJ0TyQl","action":"Normal GetUpdate request", "result":"", "context":cV=PfSeSvotEdDa/CZLJ0TyQl
Nudged types: Preferences, Passwords, Sessions, Device Info, User Consents, Collection
Refresh requested types: Bookmarks, Preferences, Passwords, Autofill Profiles, Autofill, Extensions, Sessions, Extension settings, History Delete Directives, Device Info, User Consents, Send Tab To Self, Web Apps, History, Saved Tab Group, WebAuthn Credentials, Collection, Edge E Drop, Edge Hub App Usage, Edge Wallet, Encryption Keys}
{"logTime": "1022/013046", "correlationVector":"PfSeSvotEdDa/CZLJ0TyQl.1","action":"SyncServerConnectionManagerRequest", "result":"SYNC_SERVER_OK", "context":{"environment":"Prod_centralus_prod-s01-068-nam-centralus", "migrationStage":"NotStarted", "server":"akswtt104000031"}}
{"logTime": "1022/013046", "correlationVector":"PfSeSvotEdDa/CZLJ0TyQl.2","action":"GetUpdates Response", "result":"Success", "context":Received 0 update(s). cV=PfSeSvotEdDa/CZLJ0TyQl.0;server=akswtt104000031;cloudType=Consumer;environment=Prod_centralus_prod-s01-068-nam-centralus;migrationStage=NotStarted}
{"logTime": "1022/013046", "correlationVector":"DauXjVly07ZCCuaHqeJcgi","action":"Commit Request", "result":"", "context":Item count: 40
Contributing types: Passwords}
{"logTime": "1022/013048", "correlationVector":"DauXjVly07ZCCuaHqeJcgi.1","action":"SyncServerConnectionManagerRequest", "result":"SYNC_SERVER_OK", "context":{"environment":"Prod_centralus_prod-s01-068-nam-centralus", "migrationStage":"NotStarted", "server":"akswtt104000027"}}
{"logTime": "1022/013048", "correlationVector":"DauXjVly07ZCCuaHqeJcgi.2","action":"Commit Response", "result":"Success", "context":Result: Success. cV=DauXjVly07ZCCuaHqeJcgi.0;server=akswtt104000027;cloudType=Consumer;environment=Prod_centralus_prod-s01-068-nam-centralus;migrationStage=NotStarted}
{"logTime": "1022/013048", "correlationVector":"sPu7UXmNH9qtBaWxXv+Vl9","action":"Commit Request", "result":"", "context":Item count: 40
Contributing types: Passwords}
{"logTime": "1022/013050", "correlationVector":"sPu7UXmNH9qtBaWxXv+Vl9.1","action":"SyncServerConnectionManagerRequest", "result":"SYNC_SERVER_OK", "context":{"environment":"Prod_centralus_prod-s01-068-nam-centralus", "migrationStage":"NotStarted", "server":"akswtt104000031"}}
{"logTime": "1022/013050", "correlationVector":"sPu7UXmNH9qtBaWxXv+Vl9.2","action":"Commit Response", "result":"Success", "context":Result: Success. cV=sPu7UXmNH9qtBaWxXv+Vl9.0;server=akswtt104000031;cloudType=Consumer;environment=Prod_centralus_prod-s01-068-nam-centralus;migrationStage=NotStarted}
{"logTime": "1022/013050", "correlationVector":"nbJow7a7iqesSwkbWO5po1","action":"Commit Request", "result":"", "context":Item count: 40
Contributing types: Passwords}
{"logTime": "1022/013053", "correlationVector":"nbJow7a7iqesSwkbWO5po1.1","action":"SyncServerConnectionManagerRequest", "result":"SYNC_SERVER_OK", "context":{"environment":"Prod_centralus_prod-s01-068-nam-centralus", "migrationStage":"NotStarted", "server":"akswtt10400001r"}}
{"logTime": "1022/013053", "correlationVector":"nbJow7a7iqesSwkbWO5po1.2","action":"Commit Response", "result":"Success", "context":Result: Success. cV=nbJow7a7iqesSwkbWO5po1.0;server=akswtt10400001r;cloudType=Consumer;environment=Prod_centralus_prod-s01-068-nam-centralus;migrationStage=NotStarted}
{"logTime": "1022/013053", "correlationVector":"J+AVfDajc3JTzIsz4zTLfm","action":"Commit Request", "result":"", "context":Item count: 40
Contributing types: Passwords}
{"logTime": "1022/013055", "correlationVector":"J+AVfDajc3JTzIsz4zTLfm.1","action":"SyncServerConnectionManagerRequest", "result":"SYNC_SERVER_OK", "context":{"environment":"Prod_centralus_prod-s01-068-nam-centralus", "migrationStage":"NotStarted", "server":"akswtt10400000r"}}
{"logTime": "1022/013055", "correlationVector":"J+AVfDajc3JTzIsz4zTLfm.2","action":"Commit Response", "result":"Success", "context":Result: Success. cV=J+AVfDajc3JTzIsz4zTLfm.0;server=akswtt10400000r;cloudType=Consumer;environment=Prod_centralus_prod-s01-068-nam-centralus;migrationStage=NotStarted}
{"logTime": "1022/013055", "correlationVector":"hh9x+RykU3ESxbsMEB63qA","action":"Commit Request", "result":"", "context":Item count: 40
Contributing types: Passwords}
{"logTime": "1022/013057", "correlationVector":"hh9x+RykU3ESxbsMEB63qA.1","action":"SyncServerConnectionManagerRequest", "result":"SYNC_SERVER_OK", "context":{"environment":"Prod_centralus_prod-s01-068-nam-centralus", "migrationStage":"NotStarted", "server":"akswtt10400001v"}}
{"logTime": "1022/013057", "correlationVector":"hh9x+RykU3ESxbsMEB63qA.2","action":"Commit Response", "result":"Success", "context":Result: Success. cV=hh9x+RykU3ESxbsMEB63qA.0;server=akswtt10400001v;cloudType=Consumer;environment=Prod_centralus_prod-s01-068-nam-centralus;migrationStage=NotStarted}
{"logTime": "1022/013057", "correlationVector":"g9MB5DCNMqwoEyxr3MvcXp","action":"Commit Request", "result":"", "context":Item count: 40
Contributing types: Passwords}
{"logTime": "1022/013059", "correlationVector":"g9MB5DCNMqwoEyxr3MvcXp.1","action":"SyncServerConnectionManagerRequest", "result":"SYNC_SERVER_OK", "context":{"environment":"Prod_centralus_prod-s01-068-nam-centralus", "migrationStage":"NotStarted", "server":"akswtt104000008"}}
{"logTime": "1022/013059", "correlationVector":"g9MB5DCNMqwoEyxr3MvcXp.2","action":"Commit Response", "result":"Success", "context":Result: Success. cV=g9MB5DCNMqwoEyxr3MvcXp.0;server=akswtt104000008;cloudType=Consumer;environment=Prod_centralus_prod-s01-068-nam-centralus;migrationStage=NotStarted}
{"logTime": "1022/013059", "correlationVector":"vVYn+I/RQ4ZTqyggezgETy","action":"Commit Request", "result":"", "context":Item count: 19
Contributing types: Preferences, Passwords, Sessions, Device Info, User Consents, Collection}
{"logTime": "1022/013100", "correlationVector":"vVYn+I/RQ4ZTqyggezgETy.1","action":"SyncServerConnectionManagerRequest", "result":"SYNC_SERVER_OK", "context":{"environment":"Prod_centralus_prod-s01-068-nam-centralus", "migrationStage":"NotStarted", "server":"akswtt10400003f"}}
{"logTime": "1022/013100", "correlationVector":"vVYn+I/RQ4ZTqyggezgETy.2","action":"Commit Response", "result":"Success", "context":Result: Success. cV=vVYn+I/RQ4ZTqyggezgETy.0;server=akswtt10400003f;cloudType=Consumer;environment=Prod_centralus_prod-s01-068-nam-centralus;migrationStage=NotStarted}
{"logTime": "1022/013118", "correlationVector":"4bdX6l/j2tExQJvboR5r+U","action":"Commit Request", "result":"", "context":Item count: 40
Contributing types: Passwords}
{"logTime": "1022/013120", "correlationVector":"4bdX6l/j2tExQJvboR5r+U.1","action":"SyncServerConnectionManagerRequest", "result":"SYNC_SERVER_OK", "context":{"environment":"Prod_centralus_prod-s01-068-nam-centralus", "migrationStage":"NotStarted", "server":"akswtt10400000g"}}
{"logTime": "1022/013120", "correlationVector":"4bdX6l/j2tExQJvboR5r+U.2","action":"Commit Response", "result":"Success", "context":Result: Success. cV=4bdX6l/j2tExQJvboR5r+U.0;server=akswtt10400000g;cloudType=Consumer;environment=Prod_centralus_prod-s01-068-nam-centralus;migrationStage=NotStarted}
{"logTime": "1022/013120", "correlationVector":"IwKUALg1hFqwqLwmrYvYeB","action":"Commit Request", "result":"", "context":Item count: 40
Contributing types: Passwords}
{"logTime": "1022/013123", "correlationVector":"IwKUALg1hFqwqLwmrYvYeB.1","action":"SyncServerConnectionManagerRequest", "result":"SYNC_SERVER_OK", "context":{"environment":"Prod_centralus_prod-s01-068-nam-centralus", "migrationStage":"NotStarted", "server":"akswtt104000005"}}
{"logTime": "1022/013123", "correlationVector":"IwKUALg1hFqwqLwmrYvYeB.2","action":"Commit Response", "result":"Success", "context":Result: Success. cV=IwKUALg1hFqwqLwmrYvYeB.0;server=akswtt104000005;cloudType=Consumer;environment=Prod_centralus_prod-s01-068-nam-centralus;migrationStage=NotStarted}
{"logTime": "1022/013123", "correlationVector":"CTxkK7tiHzf0npIzP22noc","action":"Commit Request", "result":"", "context":Item count: 40
Contributing types: Passwords}
{"logTime": "1022/013125", "correlationVector":"CTxkK7tiHzf0npIzP22noc.1","action":"SyncServerConnectionManagerRequest", "result":"SYNC_SERVER_OK", "context":{"environment":"Prod_centralus_prod-s01-068-nam-centralus", "migrationStage":"NotStarted", "server":"akswtt104000007"}}
{"logTime": "1022/013125", "correlationVector":"CTxkK7tiHzf0npIzP22noc.2","action":"Commit Response", "result":"Success", "context":Result: Success. cV=CTxkK7tiHzf0npIzP22noc.0;server=akswtt104000007;cloudType=Consumer;environment=Prod_centralus_prod-s01-068-nam-centralus;migrationStage=NotStarted}
{"logTime": "1022/013125", "correlationVector":"Fqhtwz3I/dNDoMShNwvSTc","action":"Commit Request", "result":"", "context":Item count: 40
Contributing types: Passwords}
{"logTime": "1022/013127", "correlationVector":"Fqhtwz3I/dNDoMShNwvSTc.1","action":"SyncServerConnectionManagerRequest", "result":"SYNC_SERVER_OK", "context":{"environment":"Prod_centralus_prod-s01-068-nam-centralus", "migrationStage":"NotStarted", "server":"akswtt104000008"}}
{"logTime": "1022/013127", "correlationVector":"Fqhtwz3I/dNDoMShNwvSTc.2","action":"Commit Response", "result":"Success", "context":Result: Success. cV=Fqhtwz3I/dNDoMShNwvSTc.0;server=akswtt104000008;cloudType=Consumer;environment=Prod_centralus_prod-s01-068-nam-centralus;migrationStage=NotStarted}
{"logTime": "1022/013127", "correlationVector":"9WXwmF4Es0ofEKmAf+PT3W","action":"Commit Request", "result":"", "context":Item count: 40
Contributing types: Passwords}
{"logTime": "1022/013130", "correlationVector":"9WXwmF4Es0ofEKmAf+PT3W.1","action":"SyncServerConnectionManagerRequest", "result":"SYNC_SERVER_OK", "context":{"environment":"Prod_centralus_prod-s01-068-nam-centralus", "migrationStage":"NotStarted", "server":"akswtt10400000t"}}
{"logTime": "1022/013130", "correlationVector":"9WXwmF4Es0ofEKmAf+PT3W.2","action":"Commit Response", "result":"Success", "context":Result: Success. cV=9WXwmF4Es0ofEKmAf+PT3W.0;server=akswtt10400000t;cloudType=Consumer;environment=Prod_centralus_prod-s01-068-nam-centralus;migrationStage=NotStarted}
{"logTime": "1022/013130", "correlationVector":"z798Kg9YNe337XI90bVL49","action":"Commit Request", "result":"", "context":Item count: 40
Contributing types: Passwords}
{"logTime": "1022/013132", "correlationVector":"z798Kg9YNe337XI90bVL49.1","action":"SyncServerConnectionManagerRequest", "result":"SYNC_SERVER_OK", "context":{"environment":"Prod_centralus_prod-s01-068-nam-centralus", "migrationStage":"NotStarted", "server":"akswtt104000031"}}
{"logTime": "1022/013132", "correlationVector":"z798Kg9YNe337XI90bVL49.2","action":"Commit Response", "result":"Success", "context":Result: Success. cV=z798Kg9YNe337XI90bVL49.0;server=akswtt104000031;cloudType=Consumer;environment=Prod_centralus_prod-s01-068-nam-centralus;migrationStage=NotStarted}
{"logTime": "1022/013132", "correlationVector":"UxQCA+26cTEJwy8YROrGEv","action":"Commit Request", "result":"", "context":Item count: 23
Contributing types: Passwords}
{"logTime": "1022/013133", "correlationVector":"UxQCA+26cTEJwy8YROrGEv.1","action":"SyncServerConnectionManagerRequest", "result":"SYNC_SERVER_OK", "context":{"environment":"Prod_centralus_prod-s01-068-nam-centralus", "migrationStage":"NotStarted", "server":"akswtt104000029"}}
{"logTime": "1022/013133", "correlationVector":"UxQCA+26cTEJwy8YROrGEv.2","action":"Commit Response", "result":"Success", "context":Result: Success. cV=UxQCA+26cTEJwy8YROrGEv.0;server=akswtt104000029;cloudType=Consumer;environment=Prod_centralus_prod-s01-068-nam-centralus;migrationStage=NotStarted}
{"logTime": "1022/025423", "correlationVector":"j7k4nYvOFk8Bk+7mq78Z5X","action":"Commit Request", "result":"", "context":Item count: 1
Contributing types: User Consents}
{"logTime": "1022/025425", "correlationVector":"j7k4nYvOFk8Bk+7mq78Z5X.1","action":"SyncServerConnectionManagerRequest", "result":"SYNC_SERVER_OK", "context":{"environment":"Prod_centralus_prod-s01-068-nam-centralus", "migrationStage":"NotStarted", "server":"akswtt104000029"}}
{"logTime": "1022/025425", "correlationVector":"j7k4nYvOFk8Bk+7mq78Z5X.2","action":"Commit Response", "result":"Success", "context":Result: Success. cV=j7k4nYvOFk8Bk+7mq78Z5X.0;server=akswtt104000029;cloudType=Consumer;environment=Prod_centralus_prod-s01-068-nam-centralus;migrationStage=NotStarted}
{"logTime": "1022/025609", "correlationVector":"rg+WZVJwWR2Q3qaGKRWFmH","action":"Commit Request", "result":"", "context":Item count: 6
Contributing types: Sessions, History}
{"logTime": "1022/025610", "correlationVector":"rg+WZVJwWR2Q3qaGKRWFmH.1","action":"SyncServerConnectionManagerRequest", "result":"SYNC_SERVER_OK", "context":{"environment":"Prod_centralus_prod-s01-068-nam-centralus", "migrationStage":"NotStarted", "server":"akswtt10400001t"}}
{"logTime": "1022/025610", "correlationVector":"rg+WZVJwWR2Q3qaGKRWFmH.2","action":"Commit Response", "result":"Success", "context":Result: Success. cV=rg+WZVJwWR2Q3qaGKRWFmH.0;server=akswtt10400001t;cloudType=Consumer;environment=Prod_centralus_prod-s01-068-nam-centralus;migrationStage=NotStarted}
{"logTime": "1022/025849", "correlationVector":"rzygInPaxR6YGUQpA0kUzu","action":"Commit Request", "result":"", "context":Item count: 6
Contributing types: Sessions, History}
{"logTime": "1022/025849", "correlationVector":"rzygInPaxR6YGUQpA0kUzu.1","action":"SyncServerConnectionManagerRequest", "result":"SYNC_SERVER_OK", "context":{"environment":"Prod_centralus_prod-s01-068-nam-centralus", "migrationStage":"NotStarted", "server":"akswtt104000018"}}
{"logTime": "1022/025849", "correlationVector":"rzygInPaxR6YGUQpA0kUzu.2","action":"Commit Response", "result":"Success", "context":Result: Success. cV=rzygInPaxR6YGUQpA0kUzu.0;server=akswtt104000018;cloudType=Consumer;environment=Prod_centralus_prod-s01-068-nam-centralus;migrationStage=NotStarted}
{"logTime": "1022/030636", "correlationVector":"urzs7BP7ixaltJnNK6WrSR","action":"Normal GetUpdate request", "result":"", "context":cV=urzs7BP7ixaltJnNK6WrSR
Notified types: History}
{"logTime": "1022/030637", "correlationVector":"urzs7BP7ixaltJnNK6WrSR.1","action":"SyncServerConnectionManagerRequest", "result":"SYNC_SERVER_OK", "context":{"environment":"Prod_centralus_prod-s01-068-nam-centralus", "migrationStage":"NotStarted", "server":"akswtt10400000e"}}
{"logTime": "1022/030637", "correlationVector":"urzs7BP7ixaltJnNK6WrSR.2","action":"ProcessGetUpdates", "result":"Done", "context":{"dataType":"Preferences", "deleted":"0", "process_failed_to_decrypt":"0", "process_pending_decryption":"0", "process_success":"1", "total":"1"}}
{"logTime": "1022/030637", "correlationVector":"urzs7BP7ixaltJnNK6WrSR.3","action":"ProcessGetUpdates", "result":"Done", "context":{"dataType":"Passwords", "deleted":"0", "process_failed_to_decrypt":"0", "process_pending_decryption":"0", "process_success":"246", "total":"246"}}
{"logTime": "1022/030637", "correlationVector":"urzs7BP7ixaltJnNK6WrSR.4","action":"ProcessGetUpdates", "result":"Done", "context":{"dataType":"Sessions", "deleted":"0", "process_failed_to_decrypt":"0", "process_pending_decryption":"0", "process_success":"1", "total":"1"}}
{"logTime": "1022/030637", "correlationVector":"urzs7BP7ixaltJnNK6WrSR.5","action":"ProcessGetUpdates", "result":"Done", "context":{"dataType":"Device Info", "deleted":"0", "process_failed_to_decrypt":"0", "process_pending_decryption":"0", "process_success":"1", "total":"1"}}
{"logTime": "1022/030637", "correlationVector":"urzs7BP7ixaltJnNK6WrSR.6","action":"ProcessGetUpdates", "result":"Done", "context":{"dataType":"Collection", "deleted":"0", "process_failed_to_decrypt":"0", "process_pending_decryption":"0", "process_success":"1", "total":"1"}}
{"logTime": "1022/030637", "correlationVector":"urzs7BP7ixaltJnNK6WrSR.7","action":"GetUpdates Response", "result":"Success", "context":Received 250 update(s). cV=urzs7BP7ixaltJnNK6WrSR.0;server=akswtt10400000e;cloudType=Consumer;environment=Prod_centralus_prod-s01-068-nam-centralus;migrationStage=NotStarted Some updates remain.}
{"logTime": "1022/030637", "correlationVector":"Ffr2HlbJn6Ym5VEEmFPAaY","action":"Normal GetUpdate request", "result":"", "context":cV=Ffr2HlbJn6Ym5VEEmFPAaY
Notified types: History}
{"logTime": "1022/030639", "correlationVector":"Ffr2HlbJn6Ym5VEEmFPAaY.1","action":"SyncServerConnectionManagerRequest", "result":"SYNC_SERVER_OK", "context":{"environment":"Prod_centralus_prod-s01-068-nam-centralus", "migrationStage":"NotStarted", "server":"akswtt10400000r"}}
{"logTime": "1022/030639", "correlationVector":"Ffr2HlbJn6Ym5VEEmFPAaY.2","action":"ProcessGetUpdates", "result":"Done", "context":{"dataType":"Passwords", "deleted":"0", "process_failed_to_decrypt":"0", "process_pending_decryption":"0", "process_success":"17", "total":"17"}}
{"logTime": "1022/030639", "correlationVector":"Ffr2HlbJn6Ym5VEEmFPAaY.3","action":"ProcessGetUpdates", "result":"Done", "context":{"dataType":"Sessions", "deleted":"0", "process_failed_to_decrypt":"0", "process_pending_decryption":"0", "process_success":"2", "total":"2"}}
{"logTime": "1022/030639", "correlationVector":"Ffr2HlbJn6Ym5VEEmFPAaY.4","action":"ProcessGetUpdates", "result":"Done", "context":{"dataType":"History", "deleted":"0", "process_failed_to_decrypt":"0", "process_pending_decryption":"0", "process_success":"11", "total":"11"}}
{"logTime": "1022/030639", "correlationVector":"Ffr2HlbJn6Ym5VEEmFPAaY.5","action":"GetUpdates Response", "result":"Success", "context":Received 30 update(s). cV=Ffr2HlbJn6Ym5VEEmFPAaY.0;server=akswtt10400000r;cloudType=Consumer;environment=Prod_centralus_prod-s01-068-nam-centralus;migrationStage=NotStarted}
{"logTime": "1022/030639", "correlationVector":"CZhthncO+vnH33hEcEBKjx","action":"DoCompareDataConsistency requsted types: ", "result":"Bookmarks, Preferences, Passwords, Extensions, Extension settings, History Delete Directives, Send Tab To Self, Web Apps, History, Saved Tab Group, WebAuthn Credentials, Collection, Edge E Drop, Edge Wallet, Encryption Keys"}
{"logTime": "1022/030639", "correlationVector":"CZhthncO+vnH33hEcEBKjx.0","action":"CompareDataConsistency result: ", "result":"Compare result: Encryption Keys is consistent. local entities count is: 1 local entities hash is: n7Fpxdx1PoL2kUR9NDbL+eE7eck="}
{"logTime": "1022/030639", "correlationVector":"CZhthncO+vnH33hEcEBKjx.1","action":"CompareDataConsistency result: ", "result":"Compare result: Bookmarks is consistent. local entities count is: 136 local entities hash is: nCsD8o+jLiJOHb3Jhj1cr49Vlvc="}
{"logTime": "1022/030639", "correlationVector":"CZhthncO+vnH33hEcEBKjx.2","action":"CompareDataConsistency result: ", "result":"Compare result: Preferences is consistent. local entities count is: 162 local entities hash is: 69igjAnF5uR0YW61YKTUue/4Lu0="}
{"logTime": "1022/030639", "correlationVector":"CZhthncO+vnH33hEcEBKjx.3","action":"CompareDataConsistency result: ", "result":"Compare result: Extensions is consistent. local entities count is: 54 local entities hash is: jK4YM1FvUmpYgbouiP+mZ5onGK0="}
{"logTime": "1022/030639", "correlationVector":"CZhthncO+vnH33hEcEBKjx.4","action":"CompareDataConsistency result: ", "result":"Compare result: Extension settings is consistent. local entities count is: 46 local entities hash is: PrsPqhUR0y0GeHt+ObSruIZGiCY="}
{"logTime": "1022/030639", "correlationVector":"CZhthncO+vnH33hEcEBKjx.5","action":"CompareDataConsistency result: ", "result":"Compare result: History Delete Directives is inconsistent. server entities count is: 3 server entities hash is: TyODL3av/ob0WOhanA3TKf/S3/8= local entities count is: 0 local entities hash is: "}
{"logTime": "1022/030639", "correlationVector":"CZhthncO+vnH33hEcEBKjx.6","action":"CompareDataConsistency result: ", "result":"Server did not send this Send Tab To Self local entities count is: 0 local entities hash is: "}
{"logTime": "1022/030639", "correlationVector":"CZhthncO+vnH33hEcEBKjx.7","action":"CompareDataConsistency result: ", "result":"Compare result: Web Apps is consistent. local entities count is: 8 local entities hash is: xsJe87LZGr/OxqeI4kgc1mNtiBQ="}
{"logTime": "1022/030639", "correlationVector":"CZhthncO+vnH33hEcEBKjx.8","action":"CompareDataConsistency result: ", "result":"Server did not send this History local entities count is: 0 local entities hash is: "}
{"logTime": "1022/030639", "correlationVector":"CZhthncO+vnH33hEcEBKjx.9","action":"CompareDataConsistency result: ", "result":"Compare result: Saved Tab Group is consistent. local entities count is: 0 local entities hash is: "}
{"logTime": "1022/030639", "correlationVector":"CZhthncO+vnH33hEcEBKjx.10","action":"CompareDataConsistency result: ", "result":"Server did not send this WebAuthn Credentials local entities count is: 0 local entities hash is: "}
{"logTime": "1022/030639", "correlationVector":"CZhthncO+vnH33hEcEBKjx.11","action":"CompareDataConsistency result: ", "result":"Compare result: Collection is consistent. local entities count is: 56 local entities hash is: 9Q3NApLjZVNv/+aPxjgikzyu+MI="}
{"logTime": "1022/030639", "correlationVector":"CZhthncO+vnH33hEcEBKjx.12","action":"CompareDataConsistency result: ", "result":"Compare result: Edge E Drop is consistent. local entities count is: 0 local entities hash is: "}
{"logTime": "1022/030639", "correlationVector":"CZhthncO+vnH33hEcEBKjx.13","action":"CompareDataConsistency result: ", "result":"Compare result: Edge Wallet is consistent. local entities count is: 0 local entities hash is: "}
{"logTime": "1022/030639", "correlationVector":"CZhthncO+vnH33hEcEBKjx.14","action":"CompareDataConsistency result: ", "result":"Compare result: Passwords is consistent. local entities count is: 288 local entities hash is: g8uSsxDQs//EtxYmBeNHL5O7TFA="}
{"logTime": "1022/030639", "correlationVector":"","action":"DIAGNOSTIC_REQUEST|v1/diagnosticData/Diagnostic.SendCheckResult()|SUCCESS", "result":""}
