[debug] [2025-10-21T06:03:52.903Z] ----------------------------------------------------------------------
[debug] [2025-10-21T06:03:52.905Z] Command:       C:\Program Files\nodejs\node.exe C:\Users\kylet\AppData\Roaming\npm\node_modules\firebase-tools\lib\bin\firebase.js init
[debug] [2025-10-21T06:03:52.906Z] CLI Version:   14.20.0
[debug] [2025-10-21T06:03:52.906Z] Platform:      win32
[debug] [2025-10-21T06:03:52.906Z] Node Version:  v22.19.0
[debug] [2025-10-21T06:03:52.906Z] Time:          Tue Oct 21 2025 01:03:52 GMT-0500 (Central Daylight Time)
[debug] [2025-10-21T06:03:52.906Z] ----------------------------------------------------------------------
[debug] 
[info] 
     ######## #### ########  ######## ########     ###     ######  ########
     ##        ##  ##     ## ##       ##     ##  ##   ##  ##       ##
     ######    ##  ########  ######   ########  #########  ######  ######
     ##        ##  ##    ##  ##       ##     ## ##     ##       ## ##
     ##       #### ##     ## ######## ########  ##     ##  ######  ########

You're about to initialize a Firebase project in this directory:

  D:\KL-Recycling Mobile App

[info] 
=== Project Setup
[info] 
[info] First, let's associate this project directory with a Firebase project.
[info] You can create multiple project aliases by running firebase use --add, 
[info] 
[debug] [2025-10-21T06:04:41.526Z] > command requires scopes: ["email","openid","https://www.googleapis.com/auth/cloudplatformprojects.readonly","https://www.googleapis.com/auth/firebase","https://www.googleapis.com/auth/cloud-platform"]
[debug] [2025-10-21T06:04:41.527Z] > authorizing via signed-in user (kyle.thomas.buzbee@gmail.com)
[debug] [2025-10-21T06:04:41.528Z] Checked if tokens are valid: false, expires at: 1760932423418
[debug] [2025-10-21T06:04:41.528Z] Checked if tokens are valid: false, expires at: 1760932423418
[debug] [2025-10-21T06:04:41.528Z] > refreshing access token with scopes: []
[debug] [2025-10-21T06:04:41.530Z] >>> [apiv2][query] POST https://www.googleapis.com/oauth2/v3/token [none]
[debug] [2025-10-21T06:04:41.530Z] >>> [apiv2][body] POST https://www.googleapis.com/oauth2/v3/token [omitted]
[debug] [2025-10-21T06:04:41.697Z] <<< [apiv2][status] POST https://www.googleapis.com/oauth2/v3/token 200
[debug] [2025-10-21T06:04:41.697Z] <<< [apiv2][body] POST https://www.googleapis.com/oauth2/v3/token [omitted]
[debug] [2025-10-21T06:04:41.704Z] >>> [apiv2][query] GET https://firebase.googleapis.com/v1beta1/projects pageSize=100
[debug] [2025-10-21T06:04:42.007Z] <<< [apiv2][status] GET https://firebase.googleapis.com/v1beta1/projects 200
[debug] [2025-10-21T06:04:42.008Z] <<< [apiv2][body] GET https://firebase.googleapis.com/v1beta1/projects [omitted]
[info] 
=== Dataconnect Setup
[debug] [2025-10-21T06:04:45.513Z] Checked if tokens are valid: true, expires at: 1761030280697
[debug] [2025-10-21T06:04:45.513Z] Checked if tokens are valid: true, expires at: 1761030280697
[debug] [2025-10-21T06:04:45.514Z] >>> [apiv2][query] GET https://cloudbilling.googleapis.com/v1/projects/kl-recycling-app/billingInfo [none]
[debug] [2025-10-21T06:04:45.841Z] <<< [apiv2][status] GET https://cloudbilling.googleapis.com/v1/projects/kl-recycling-app/billingInfo 200
[debug] [2025-10-21T06:04:45.841Z] <<< [apiv2][body] GET https://cloudbilling.googleapis.com/v1/projects/kl-recycling-app/billingInfo {"name":"projects/kl-recycling-app/billingInfo","projectId":"kl-recycling-app","billingAccountName":"","billingEnabled":false}
[info] i  dataconnect: ensuring required API firebasedataconnect.googleapis.com is enabled... 
[debug] [2025-10-21T06:04:45.842Z] Checked if tokens are valid: true, expires at: 1761030280697
[debug] [2025-10-21T06:04:45.842Z] Checked if tokens are valid: true, expires at: 1761030280697
[info] i  dataconnect: ensuring required API sqladmin.googleapis.com is enabled... 
[debug] [2025-10-21T06:04:45.843Z] Checked if tokens are valid: true, expires at: 1761030280697
[debug] [2025-10-21T06:04:45.843Z] Checked if tokens are valid: true, expires at: 1761030280697
[debug] [2025-10-21T06:04:45.843Z] >>> [apiv2][query] GET https://serviceusage.googleapis.com/v1/projects/kl-recycling-app/services/firebasedataconnect.googleapis.com [none]
[debug] [2025-10-21T06:04:45.843Z] >>> [apiv2][(partial)header] GET https://serviceusage.googleapis.com/v1/projects/kl-recycling-app/services/firebasedataconnect.googleapis.com x-goog-quota-user=projects/kl-recycling-app
[debug] [2025-10-21T06:04:45.844Z] >>> [apiv2][query] GET https://serviceusage.googleapis.com/v1/projects/kl-recycling-app/services/sqladmin.googleapis.com [none]
[debug] [2025-10-21T06:04:45.844Z] >>> [apiv2][(partial)header] GET https://serviceusage.googleapis.com/v1/projects/kl-recycling-app/services/sqladmin.googleapis.com x-goog-quota-user=projects/kl-recycling-app
[debug] [2025-10-21T06:04:46.130Z] <<< [apiv2][status] GET https://serviceusage.googleapis.com/v1/projects/kl-recycling-app/services/firebasedataconnect.googleapis.com 200
[debug] [2025-10-21T06:04:46.131Z] <<< [apiv2][body] GET https://serviceusage.googleapis.com/v1/projects/kl-recycling-app/services/firebasedataconnect.googleapis.com [omitted]
[info] +  dataconnect: required API firebasedataconnect.googleapis.com is enabled 
[debug] [2025-10-21T06:04:46.162Z] <<< [apiv2][status] GET https://serviceusage.googleapis.com/v1/projects/kl-recycling-app/services/sqladmin.googleapis.com 200
[debug] [2025-10-21T06:04:46.162Z] <<< [apiv2][body] GET https://serviceusage.googleapis.com/v1/projects/kl-recycling-app/services/sqladmin.googleapis.com [omitted]
[info] +  dataconnect: required API sqladmin.googleapis.com is enabled 
[debug] [2025-10-21T06:04:46.165Z] Checked if tokens are valid: true, expires at: 1761030280697
[debug] [2025-10-21T06:04:46.165Z] Checked if tokens are valid: true, expires at: 1761030280697
[debug] [2025-10-21T06:04:46.165Z] >>> [apiv2][query] GET https://firebasedataconnect.googleapis.com/v1/projects/kl-recycling-app/locations/-/services [none]
[debug] [2025-10-21T06:04:46.637Z] <<< [apiv2][status] GET https://firebasedataconnect.googleapis.com/v1/projects/kl-recycling-app/locations/-/services 200
[debug] [2025-10-21T06:04:46.637Z] <<< [apiv2][body] GET https://firebasedataconnect.googleapis.com/v1/projects/kl-recycling-app/locations/-/services {}
[info] i  : ensuring required API cloudaicompanion.googleapis.com is enabled... 
[debug] [2025-10-21T06:04:52.994Z] Checked if tokens are valid: true, expires at: 1761030280697
[debug] [2025-10-21T06:04:52.994Z] Checked if tokens are valid: true, expires at: 1761030280697
[debug] [2025-10-21T06:04:52.994Z] >>> [apiv2][query] GET https://serviceusage.googleapis.com/v1/projects/kl-recycling-app/services/cloudaicompanion.googleapis.com [none]
[debug] [2025-10-21T06:04:52.995Z] >>> [apiv2][(partial)header] GET https://serviceusage.googleapis.com/v1/projects/kl-recycling-app/services/cloudaicompanion.googleapis.com x-goog-quota-user=projects/kl-recycling-app
[debug] [2025-10-21T06:04:53.234Z] <<< [apiv2][status] GET https://serviceusage.googleapis.com/v1/projects/kl-recycling-app/services/cloudaicompanion.googleapis.com 200
[debug] [2025-10-21T06:04:53.235Z] <<< [apiv2][body] GET https://serviceusage.googleapis.com/v1/projects/kl-recycling-app/services/cloudaicompanion.googleapis.com [omitted]
[info] +  : required API cloudaicompanion.googleapis.com is enabled 
[debug] [2025-10-21T06:05:37.209Z] Checked if tokens are valid: true, expires at: 1761030280697
[debug] [2025-10-21T06:05:37.209Z] Checked if tokens are valid: true, expires at: 1761030280697
[debug] [2025-10-21T06:05:37.209Z] >>> [apiv2][query] GET https://firebasedataconnect.googleapis.com/v1/projects/kl-recycling-app/locations [none]
[debug] [2025-10-21T06:05:37.382Z] <<< [apiv2][status] GET https://firebasedataconnect.googleapis.com/v1/projects/kl-recycling-app/locations 200
[debug] [2025-10-21T06:05:37.382Z] <<< [apiv2][body] GET https://firebasedataconnect.googleapis.com/v1/projects/kl-recycling-app/locations {"locations":[{"name":"projects/kl-recycling-app/locations/asia-east1","locationId":"asia-east1","displayName":"Taiwan"},{"name":"projects/kl-recycling-app/locations/asia-east2","locationId":"asia-east2","displayName":"Hong Kong"},{"name":"projects/kl-recycling-app/locations/asia-northeast1","locationId":"asia-northeast1","displayName":"Tokyo"},{"name":"projects/kl-recycling-app/locations/asia-northeast2","locationId":"asia-northeast2","displayName":"Osaka"},{"name":"projects/kl-recycling-app/locations/asia-northeast3","locationId":"asia-northeast3","displayName":"Seoul"},{"name":"projects/kl-recycling-app/locations/asia-south1","locationId":"asia-south1","displayName":"Mumbai"},{"name":"projects/kl-recycling-app/locations/asia-southeast1","locationId":"asia-southeast1","displayName":"Singapore"},{"name":"projects/kl-recycling-app/locations/asia-southeast2","locationId":"asia-southeast2","displayName":"Jakarta"},{"name":"projects/kl-recycling-app/locations/australia-southeast1","locationId":"australia-southeast1","displayName":"Sydney"},{"name":"projects/kl-recycling-app/locations/australia-southeast2","locationId":"australia-southeast2","displayName":"Melbourne"},{"name":"projects/kl-recycling-app/locations/europe-central2","locationId":"europe-central2","displayName":"Warsaw"},{"name":"projects/kl-recycling-app/locations/europe-north1","locationId":"europe-north1","displayName":"Finland"},{"name":"projects/kl-recycling-app/locations/europe-southwest1","locationId":"europe-southwest1","displayName":"Madrid"},{"name":"projects/kl-recycling-app/locations/europe-west1","locationId":"europe-west1","displayName":"Belgium"},{"name":"projects/kl-recycling-app/locations/europe-west2","locationId":"europe-west2","displayName":"London"},{"name":"projects/kl-recycling-app/locations/europe-west3","locationId":"europe-west3","displayName":"Frankfurt"},{"name":"projects/kl-recycling-app/locations/europe-west4","locationId":"europe-west4","displayName":"Netherlands"},{"name":"projects/kl-recycling-app/locations/europe-west6","locationId":"europe-west6","displayName":"Zurich"},{"name":"projects/kl-recycling-app/locations/europe-west8","locationId":"europe-west8","displayName":"Milan"},{"name":"projects/kl-recycling-app/locations/europe-west9","locationId":"europe-west9","displayName":"Paris"},{"name":"projects/kl-recycling-app/locations/me-west1","locationId":"me-west1","displayName":"Tel Aviv"},{"name":"projects/kl-recycling-app/locations/northamerica-northeast1","locationId":"northamerica-northeast1","displayName":"Montréal"},{"name":"projects/kl-recycling-app/locations/northamerica-northeast2","locationId":"northamerica-northeast2","displayName":"Toronto"},{"name":"projects/kl-recycling-app/locations/southamerica-east1","locationId":"southamerica-east1","displayName":"São Paulo"},{"name":"projects/kl-recycling-app/locations/southamerica-west1","locationId":"southamerica-west1","displayName":"Santiago"},{"name":"projects/kl-recycling-app/locations/us-central1","locationId":"us-central1","displayName":"Iowa"},{"name":"projects/kl-recycling-app/locations/us-east1","locationId":"us-east1","displayName":"South Carolina"},{"name":"projects/kl-recycling-app/locations/us-east4","locationId":"us-east4","displayName":"Northern Virginia"},{"name":"projects/kl-recycling-app/locations/us-south1","locationId":"us-south1","displayName":"Dallas"},{"name":"projects/kl-recycling-app/locations/us-west1","locationId":"us-west1","displayName":"Oregon"},{"name":"projects/kl-recycling-app/locations/us-west2","locationId":"us-west2","displayName":"Los Angeles"},{"name":"projects/kl-recycling-app/locations/us-west3","locationId":"us-west3","displayName":"Salt Lake City"},{"name":"projects/kl-recycling-app/locations/us-west4","locationId":"us-west4","displayName":"Las Vegas"}]}
[info] +  dataconnect: Detected existing apps . (web), functions (web), . (flutter) 
[debug] [2025-10-21T06:06:08.894Z] Checked if tokens are valid: true, expires at: 1761030280697
[debug] [2025-10-21T06:06:08.895Z] Checked if tokens are valid: true, expires at: 1761030280697
[debug] [2025-10-21T06:06:08.895Z] >>> [apiv2][query] POST https://firebasedataconnect.googleapis.com/v1/projects/kl-recycling-app/locations/us-east1/services service_id=kl-recyclingmobileapp
[debug] [2025-10-21T06:06:08.895Z] >>> [apiv2][body] POST https://firebasedataconnect.googleapis.com/v1/projects/kl-recycling-app/locations/us-east1/services {"name":"projects/kl-recycling-app/locations/us-east1/services/kl-recyclingmobileapp"}
[debug] [2025-10-21T06:06:13.705Z] <<< [apiv2][status] POST https://firebasedataconnect.googleapis.com/v1/projects/kl-recycling-app/locations/us-east1/services 200
[debug] [2025-10-21T06:06:13.705Z] <<< [apiv2][body] POST https://firebasedataconnect.googleapis.com/v1/projects/kl-recycling-app/locations/us-east1/services {"name":"projects/kl-recycling-app/locations/us-east1/operations/operation-1761026769502-641a4ff09415f-9a40638d-471dc7f3","metadata":{"@type":"type.googleapis.com/google.firebase.dataconnect.v1.OperationMetadata","createTime":"2025-10-21T06:06:14.003374378Z","target":"projects/kl-recycling-app/locations/us-east1/services/kl-recyclingmobileapp","verb":"create","requestedCancellation":false,"apiVersion":"v1"},"done":false}
[debug] [2025-10-21T06:06:13.706Z] Checked if tokens are valid: true, expires at: 1761030280697
[debug] [2025-10-21T06:06:13.706Z] Checked if tokens are valid: true, expires at: 1761030280697
[debug] [2025-10-21T06:06:13.707Z] >>> [apiv2][query] GET https://firebasedataconnect.googleapis.com/v1/projects/kl-recycling-app/locations/us-east1/operations/operation-1761026769502-641a4ff09415f-9a40638d-471dc7f3 [none]
[debug] [2025-10-21T06:06:13.811Z] <<< [apiv2][status] GET https://firebasedataconnect.googleapis.com/v1/projects/kl-recycling-app/locations/us-east1/operations/operation-1761026769502-641a4ff09415f-9a40638d-471dc7f3 200
[debug] [2025-10-21T06:06:13.811Z] <<< [apiv2][body] GET https://firebasedataconnect.googleapis.com/v1/projects/kl-recycling-app/locations/us-east1/operations/operation-1761026769502-641a4ff09415f-9a40638d-471dc7f3 {"name":"projects/kl-recycling-app/locations/us-east1/operations/operation-1761026769502-641a4ff09415f-9a40638d-471dc7f3","metadata":{"@type":"type.googleapis.com/google.firebase.dataconnect.v1.OperationMetadata","createTime":"2025-10-21T06:06:14.003374378Z","target":"projects/kl-recycling-app/locations/us-east1/services/kl-recyclingmobileapp","verb":"create","requestedCancellation":false,"apiVersion":"v1"},"done":false}
[debug] [2025-10-21T06:06:14.315Z] [LRO Poller] Retrying task index 0
[debug] [2025-10-21T06:06:14.315Z] Checked if tokens are valid: true, expires at: 1761030280697
[debug] [2025-10-21T06:06:14.315Z] Checked if tokens are valid: true, expires at: 1761030280697
[debug] [2025-10-21T06:06:14.316Z] >>> [apiv2][query] GET https://firebasedataconnect.googleapis.com/v1/projects/kl-recycling-app/locations/us-east1/operations/operation-1761026769502-641a4ff09415f-9a40638d-471dc7f3 [none]
[debug] [2025-10-21T06:06:14.403Z] <<< [apiv2][status] GET https://firebasedataconnect.googleapis.com/v1/projects/kl-recycling-app/locations/us-east1/operations/operation-1761026769502-641a4ff09415f-9a40638d-471dc7f3 200
[debug] [2025-10-21T06:06:14.403Z] <<< [apiv2][body] GET https://firebasedataconnect.googleapis.com/v1/projects/kl-recycling-app/locations/us-east1/operations/operation-1761026769502-641a4ff09415f-9a40638d-471dc7f3 {"name":"projects/kl-recycling-app/locations/us-east1/operations/operation-1761026769502-641a4ff09415f-9a40638d-471dc7f3","metadata":{"@type":"type.googleapis.com/google.firebase.dataconnect.v1.OperationMetadata","createTime":"2025-10-21T06:06:14.003374378Z","target":"projects/kl-recycling-app/locations/us-east1/services/kl-recyclingmobileapp","verb":"create","requestedCancellation":false,"apiVersion":"v1"},"done":false}
[debug] [2025-10-21T06:06:15.407Z] [LRO Poller] Retrying task index 0
[debug] [2025-10-21T06:06:15.407Z] Checked if tokens are valid: true, expires at: 1761030280697
[debug] [2025-10-21T06:06:15.407Z] Checked if tokens are valid: true, expires at: 1761030280697
[debug] [2025-10-21T06:06:15.407Z] >>> [apiv2][query] GET https://firebasedataconnect.googleapis.com/v1/projects/kl-recycling-app/locations/us-east1/operations/operation-1761026769502-641a4ff09415f-9a40638d-471dc7f3 [none]
[debug] [2025-10-21T06:06:15.484Z] <<< [apiv2][status] GET https://firebasedataconnect.googleapis.com/v1/projects/kl-recycling-app/locations/us-east1/operations/operation-1761026769502-641a4ff09415f-9a40638d-471dc7f3 200
[debug] [2025-10-21T06:06:15.484Z] <<< [apiv2][body] GET https://firebasedataconnect.googleapis.com/v1/projects/kl-recycling-app/locations/us-east1/operations/operation-1761026769502-641a4ff09415f-9a40638d-471dc7f3 {"name":"projects/kl-recycling-app/locations/us-east1/operations/operation-1761026769502-641a4ff09415f-9a40638d-471dc7f3","metadata":{"@type":"type.googleapis.com/google.firebase.dataconnect.v1.OperationMetadata","createTime":"2025-10-21T06:06:14.003374378Z","endTime":"2025-10-21T06:06:15.292226614Z","target":"projects/kl-recycling-app/locations/us-east1/services/kl-recyclingmobileapp","verb":"create","requestedCancellation":false,"apiVersion":"v1"},"done":true,"response":{"@type":"type.googleapis.com/google.firebase.dataconnect.v1.Service","name":"projects/kl-recycling-app/locations/us-east1/services/kl-recyclingmobileapp","createTime":"2025-10-21T06:06:13.997446050Z","updateTime":"2025-10-21T06:06:13.997446050Z","uid":"52a9b02b-f971-4194-8a97-05ffed910095","reconciling":false,"etag":"-wblFE4Lwwl2UD_av1SuaCFXYw67SrWChcgpTH2xENg"}}
[debug] [2025-10-21T06:06:15.487Z] Checked if tokens are valid: true, expires at: 1761030280697
[debug] [2025-10-21T06:06:15.487Z] Checked if tokens are valid: true, expires at: 1761030280697
[debug] [2025-10-21T06:06:15.487Z] >>> [apiv2][query] POST https://cloudaicompanion.googleapis.com/v1beta/projects/kl-recycling-app/locations/global/instances/default:completeTask [none]
[debug] [2025-10-21T06:06:15.487Z] >>> [apiv2][body] POST https://cloudaicompanion.googleapis.com/v1beta/projects/kl-recycling-app/locations/global/instances/default:completeTask {"input":{"messages":[{"content":"It is an app for K&L Recycling to help customers be more engaged and drive more business","author":"USER"}]},"experienceContext":{"experience":"/appeco/firebase/fdc-schema-generator"}}
[debug] [2025-10-21T06:06:22.450Z] <<< [apiv2][status] POST https://cloudaicompanion.googleapis.com/v1beta/projects/kl-recycling-app/locations/global/instances/default:completeTask 200
[debug] [2025-10-21T06:06:22.450Z] <<< [apiv2][body] POST https://cloudaicompanion.googleapis.com/v1beta/projects/kl-recycling-app/locations/global/instances/default:completeTask {"output":{"messages":[{"content":"```graphql\ntype User @table {\n  displayName: String!\n  createdAt: Timestamp!\n  email: String\n  photoUrl: String\n  address: String\n  phoneNumber: String\n}\n\ntype RecyclingCenter @table {\n  name: String!\n  address: String!\n  latitude: Float!\n  longitude: Float!\n  createdAt: Timestamp!\n  phoneNumber: String\n  operatingHours: String\n}\n\ntype Material @table {\n  name: String!\n  category: String!\n  createdAt: Timestamp!\n  description: String\n  preparationInstructions: String\n}\n\ntype DropOff @table {\n  user: User!\n  recyclingCenter: RecyclingCenter!\n  dropOffDate: Date!\n  createdAt: Timestamp!\n  estimatedWeightKg: Float\n  notes: String\n}\n\ntype DropOffMaterial @table(key: [\"dropOff\", \"material\"]) {\n  dropOff: DropOff!\n  material: Material!\n  quantity: Int!\n  unit: String!\n}\n\ntype Reward @table {\n  name: String!\n  pointsCost: Int!\n  createdAt: Timestamp!\n  description: String\n  imageUrl: String\n}\n\ntype Redemption @table {\n  user: User!\n  reward: Reward!\n  redemptionDate: Date!\n  createdAt: Timestamp!\n  status: String\n}\n```\n"}]},"displayContext":{"additionalContext":{"@type":"type.googleapis.com/google.cloud.cloudaicompanion.v1main.FirebaseChatDisplayContext","firebaseFdcDisplayContext":{"schemaSyntaxError":""}}}}
[debug] [2025-10-21T06:06:22.451Z] Checked if tokens are valid: true, expires at: 1761030280697
[debug] [2025-10-21T06:06:22.451Z] Checked if tokens are valid: true, expires at: 1761030280697
[debug] [2025-10-21T06:06:22.451Z] >>> [apiv2][query] PATCH https://firebasedataconnect.googleapis.com/v1/projects/kl-recycling-app/locations/us-east1/services/kl-recyclingmobileapp/schemas/main allowMissing=true&validateOnly=false
[debug] [2025-10-21T06:06:22.451Z] >>> [apiv2][body] PATCH https://firebasedataconnect.googleapis.com/v1/projects/kl-recycling-app/locations/us-east1/services/kl-recyclingmobileapp/schemas/main {"name":"projects/kl-recycling-app/locations/us-east1/services/kl-recyclingmobileapp/schemas/main","datasources":[{"postgresql":{}}],"source":{"files":[{"path":"schema.gql","content":"type User @table {\n  displayName: String!\n  createdAt: Timestamp!\n  email: String\n  photoUrl: String\n  address: String\n  phoneNumber: String\n}\n\ntype RecyclingCenter @table {\n  name: String!\n  address: String!\n  latitude: Float!\n  longitude: Float!\n  createdAt: Timestamp!\n  phoneNumber: String\n  operatingHours: String\n}\n\ntype Material @table {\n  name: String!\n  category: String!\n  createdAt: Timestamp!\n  description: String\n  preparationInstructions: String\n}\n\ntype DropOff @table {\n  user: User!\n  recyclingCenter: RecyclingCenter!\n  dropOffDate: Date!\n  createdAt: Timestamp!\n  estimatedWeightKg: Float\n  notes: String\n}\n\ntype DropOffMaterial @table(key: [\"dropOff\", \"material\"]) {\n  dropOff: DropOff!\n  material: Material!\n  quantity: Int!\n  unit: String!\n}\n\ntype Reward @table {\n  name: String!\n  pointsCost: Int!\n  createdAt: Timestamp!\n  description: String\n  imageUrl: String\n}\n\ntype Redemption @table {\n  user: User!\n  reward: Reward!\n  redemptionDate: Date!\n  createdAt: Timestamp!\n  status: String\n}"}]}}
[debug] [2025-10-21T06:06:22.827Z] <<< [apiv2][status] PATCH https://firebasedataconnect.googleapis.com/v1/projects/kl-recycling-app/locations/us-east1/services/kl-recyclingmobileapp/schemas/main 200
[debug] [2025-10-21T06:06:22.827Z] <<< [apiv2][body] PATCH https://firebasedataconnect.googleapis.com/v1/projects/kl-recycling-app/locations/us-east1/services/kl-recyclingmobileapp/schemas/main {"name":"projects/kl-recycling-app/locations/us-east1/operations/operation-1761026783045-641a4ffd7e5cf-69a1b66d-17a73868","metadata":{"@type":"type.googleapis.com/google.firebase.dataconnect.v1.OperationMetadata","createTime":"2025-10-21T06:06:23.138528059Z","target":"projects/kl-recycling-app/locations/us-east1/services/kl-recyclingmobileapp/schemas/main","verb":"update","requestedCancellation":false,"apiVersion":"v1"},"done":false}
[debug] [2025-10-21T06:06:22.827Z] Checked if tokens are valid: true, expires at: 1761030280697
[debug] [2025-10-21T06:06:22.827Z] Checked if tokens are valid: true, expires at: 1761030280697
[debug] [2025-10-21T06:06:22.827Z] >>> [apiv2][query] GET https://firebasedataconnect.googleapis.com/v1/projects/kl-recycling-app/locations/us-east1/operations/operation-1761026783045-641a4ffd7e5cf-69a1b66d-17a73868 [none]
[debug] [2025-10-21T06:06:22.901Z] <<< [apiv2][status] GET https://firebasedataconnect.googleapis.com/v1/projects/kl-recycling-app/locations/us-east1/operations/operation-1761026783045-641a4ffd7e5cf-69a1b66d-17a73868 200
[debug] [2025-10-21T06:06:22.901Z] <<< [apiv2][body] GET https://firebasedataconnect.googleapis.com/v1/projects/kl-recycling-app/locations/us-east1/operations/operation-1761026783045-641a4ffd7e5cf-69a1b66d-17a73868 {"name":"projects/kl-recycling-app/locations/us-east1/operations/operation-1761026783045-641a4ffd7e5cf-69a1b66d-17a73868","metadata":{"@type":"type.googleapis.com/google.firebase.dataconnect.v1.OperationMetadata","createTime":"2025-10-21T06:06:23.138528059Z","target":"projects/kl-recycling-app/locations/us-east1/services/kl-recyclingmobileapp/schemas/main","verb":"update","requestedCancellation":false,"apiVersion":"v1"},"done":false}
[debug] [2025-10-21T06:06:23.405Z] [LRO Poller] Retrying task index 0
[debug] [2025-10-21T06:06:23.405Z] Checked if tokens are valid: true, expires at: 1761030280697
[debug] [2025-10-21T06:06:23.405Z] Checked if tokens are valid: true, expires at: 1761030280697
[debug] [2025-10-21T06:06:23.405Z] >>> [apiv2][query] GET https://firebasedataconnect.googleapis.com/v1/projects/kl-recycling-app/locations/us-east1/operations/operation-1761026783045-641a4ffd7e5cf-69a1b66d-17a73868 [none]
[debug] [2025-10-21T06:06:23.474Z] <<< [apiv2][status] GET https://firebasedataconnect.googleapis.com/v1/projects/kl-recycling-app/locations/us-east1/operations/operation-1761026783045-641a4ffd7e5cf-69a1b66d-17a73868 200
[debug] [2025-10-21T06:06:23.474Z] <<< [apiv2][body] GET https://firebasedataconnect.googleapis.com/v1/projects/kl-recycling-app/locations/us-east1/operations/operation-1761026783045-641a4ffd7e5cf-69a1b66d-17a73868 {"name":"projects/kl-recycling-app/locations/us-east1/operations/operation-1761026783045-641a4ffd7e5cf-69a1b66d-17a73868","metadata":{"@type":"type.googleapis.com/google.firebase.dataconnect.v1.OperationMetadata","createTime":"2025-10-21T06:06:23.138528059Z","endTime":"2025-10-21T06:06:23.400909775Z","target":"projects/kl-recycling-app/locations/us-east1/services/kl-recyclingmobileapp/schemas/main","verb":"update","requestedCancellation":false,"apiVersion":"v1"},"done":true,"response":{"@type":"type.googleapis.com/google.firebase.dataconnect.v1.Schema","name":"projects/kl-recycling-app/locations/us-east1/services/kl-recyclingmobileapp/schemas/main","createTime":"2025-10-21T06:06:23.132321229Z","updateTime":"2025-10-21T06:06:23.132321229Z","uid":"7fe40bc7-22fc-4740-94cc-bb6417632322","reconciling":false,"etag":"sY6mghFjNc9HiCUMZxkOybdWzFXu_4apIhsylFboZ4c"}}
[debug] [2025-10-21T06:06:23.475Z] Checked if tokens are valid: true, expires at: 1761030280697
[debug] [2025-10-21T06:06:23.475Z] Checked if tokens are valid: true, expires at: 1761030280697
[debug] [2025-10-21T06:06:23.475Z] Checked if tokens are valid: true, expires at: 1761030280697
[debug] [2025-10-21T06:06:23.475Z] Checked if tokens are valid: true, expires at: 1761030280697
[debug] [2025-10-21T06:06:23.475Z] >>> [apiv2][query] POST https://cloudaicompanion.googleapis.com/v1beta/projects/kl-recycling-app/locations/global/instances/default:completeTask [none]
[debug] [2025-10-21T06:06:23.475Z] >>> [apiv2][body] POST https://cloudaicompanion.googleapis.com/v1beta/projects/kl-recycling-app/locations/global/instances/default:completeTask {"input":{"messages":[{"content":"Create 4 operations for an app using the instance schema with proper authentication.","author":"USER"}]},"experienceContext":{"experience":"/appeco/firebase/fdc-query-generator"},"clientContext":{"additionalContext":{"@type":"type.googleapis.com/google.cloud.cloudaicompanion.v1main.FirebaseChatRequestContext","fdcInfo":{"fdcServiceName":"projects/kl-recycling-app/locations/us-east1/services/kl-recyclingmobileapp","requiresQuery":true}}}}
[debug] [2025-10-21T06:06:23.476Z] >>> [apiv2][query] POST https://cloudaicompanion.googleapis.com/v1beta/projects/kl-recycling-app/locations/global/instances/default:completeTask [none]
[debug] [2025-10-21T06:06:23.476Z] >>> [apiv2][body] POST https://cloudaicompanion.googleapis.com/v1beta/projects/kl-recycling-app/locations/global/instances/default:completeTask {"input":{"messages":[{"content":"Create a mutation to populate the database with some seed data.","author":"USER"}]},"experienceContext":{"experience":"/appeco/firebase/fdc-query-generator"},"clientContext":{"additionalContext":{"@type":"type.googleapis.com/google.cloud.cloudaicompanion.v1main.FirebaseChatRequestContext","fdcInfo":{"fdcServiceName":"projects/kl-recycling-app/locations/us-east1/services/kl-recyclingmobileapp","requiresQuery":true}}}}
[debug] [2025-10-21T06:06:27.876Z] <<< [apiv2][status] POST https://cloudaicompanion.googleapis.com/v1beta/projects/kl-recycling-app/locations/global/instances/default:completeTask 200
[debug] [2025-10-21T06:06:27.876Z] <<< [apiv2][body] POST https://cloudaicompanion.googleapis.com/v1beta/projects/kl-recycling-app/locations/global/instances/default:completeTask {"output":{"messages":[{"content":"```graphql\nmutation SeedMaterials @transaction @auth(level: NO_ACCESS) {\n  material_insertMany(data: [\n    {\n      name: \"Cardboard\",\n      category: \"Paper\",\n      description: \"Corrugated cardboard boxes\",\n      preparationInstructions: \"Flatten boxes and remove any tape or labels.\",\n      createdAt: \"2024-01-01T00:00:00Z\"\n    },\n    {\n      name: \"Newspaper\",\n      category: \"Paper\",\n      description: \"Old newspapers\",\n      preparationInstructions: \"Keep dry and bundled.\",\n      createdAt: \"2024-01-01T00:00:00Z\"\n    },\n    {\n      name: \"Aluminum Cans\",\n      category: \"Metal\",\n      description: \"Empty aluminum beverage cans\",\n      preparationInstructions: \"Rinse and crush cans.\",\n      createdAt: \"2024-01-01T00:00:00Z\"\n    },\n    {\n      name: \"Glass Bottles\",\n      category: \"Glass\",\n      description: \"Empty glass bottles and jars\",\n      preparationInstructions: \"Rinse and remove lids.\",\n      createdAt: \"2024-01-01T00:00:00Z\"\n    }\n  ])\n}\n\nquery ListRecyclingCenters @auth(level: PUBLIC, insecureReason: \"This operation is safe to expose to the public\") {\n  recyclingCenters {\n    id\n    name\n    address\n    latitude\n    longitude\n    operatingHours\n    phoneNumber\n  }\n}\n\nmutation CreateDropOff($recyclingCenterId: UUID!, $dropOffDate: Date!, $estimatedWeightKg: Float!, $notes: String) @auth(level: USER) {\n  dropOff_insert(data: {\n    userId_expr: \"auth.uid\",\n    recyclingCenterId: $recyclingCenterId,\n    dropOffDate: $dropOffDate,\n    estimatedWeightKg: $estimatedWeightKg,\n    notes: $notes,\n    createdAt_expr: \"request.time\"\n  })\n}\n\nquery ListDropOffsByUser @auth(level: USER) {\n  dropOffs(where: {userId: {eq_expr: \"auth.uid\"}}) {\n    id\n    recyclingCenter {\n      name\n    }\n    dropOffDate\n    estimatedWeightKg\n    notes\n  }\n}\n```","author":"model"}]},"outputDataContext":{"additionalContext":{"@type":"type.googleapis.com/google.cloud.cloudaicompanion.v1main.ChatOutputDataContext","relatedContent":{}}},"attributionContext":{"citationMetadata":{}}}
[debug] [2025-10-21T06:06:31.314Z] <<< [apiv2][status] POST https://cloudaicompanion.googleapis.com/v1beta/projects/kl-recycling-app/locations/global/instances/default:completeTask 200
[debug] [2025-10-21T06:06:31.314Z] <<< [apiv2][body] POST https://cloudaicompanion.googleapis.com/v1beta/projects/kl-recycling-app/locations/global/instances/default:completeTask {"output":{"messages":[{"content":"```graphql\nmutation CreateDemoData @transaction @auth(level: PUBLIC, insecureReason: \"This operation is only used to seed the database with demo data.\") {\n  user_insertMany(data: [\n    {\n      id: \"550e8400-e29b-41d4-a716-446655440000\",\n      displayName: \"demouser1\",\n      createdAt: \"2024-04-26T12:00:00Z\"\n    },\n    {\n      id: \"550e8400-e29b-41d4-a716-446655440001\",\n      displayName: \"demouser2\",\n      createdAt: \"2024-04-26T12:00:00Z\"\n    }\n  ])\n  recyclingCenter_insertMany(data: [\n    {\n      id: \"650e8400-e29b-41d4-a716-446655440000\",\n      name: \"recyclingcenter1\",\n      address: \"123 Main st\",\n      latitude: 34.0522,\n      longitude: -118.2437,\n      createdAt: \"2024-04-26T12:00:00Z\"\n    },\n    {\n      id: \"650e8400-e29b-41d4-a716-446655440001\",\n      name: \"recyclingcenter2\",\n      address: \"456 Elm st\",\n      latitude: 37.7749,\n      longitude: -122.4194,\n      createdAt: \"2024-04-26T12:00:00Z\"\n    }\n  ])\n  material_insertMany(data: [\n    {\n      id: \"750e8400-e29b-41d4-a716-446655440000\",\n      name: \"cardboard\",\n      category: \"paper\",\n      createdAt: \"2024-04-26T12:00:00Z\"\n    },\n    {\n      id: \"750e8400-e29b-41d4-a716-446655440001\",\n      name: \"aluminum cans\",\n      category: \"metal\",\n      createdAt: \"2024-04-26T12:00:00Z\"\n    }\n  ])\n   dropOff_insertMany(data: [\n    {\n      id: \"850e8400-e29b-41d4-a716-446655440000\",\n      userId: \"550e8400-e29b-41d4-a716-446655440000\",\n      recyclingCenterId: \"650e8400-e29b-41d4-a716-446655440000\",\n      createdAt: \"2024-04-26T12:00:00Z\",\n      dropOffDate: \"2024-04-26\",\n      estimatedWeightKg: 1.5\n    },\n    {\n      id: \"850e8400-e29b-41d4-a716-446655440001\",\n      userId: \"550e8400-e29b-41d4-a716-446655440001\",\n      recyclingCenterId: \"650e8400-e29b-41d4-a716-446655440001\",\n      createdAt: \"2024-04-27T12:00:00Z\",\n      dropOffDate: \"2024-04-27\",\n      estimatedWeightKg: 2.0\n    }\n  ])\n    dropOffMaterial_insertMany(data: [\n    {\n      dropOffId: \"850e8400-e29b-41d4-a716-446655440000\",\n      materialId: \"750e8400-e29b-41d4-a716-446655440000\",\n      quantity: 10,\n      unit: \"pieces\"\n    },\n    {\n      dropOffId: \"850e8400-e29b-41d4-a716-446655440001\",\n      materialId: \"750e8400-e29b-41d4-a716-446655440001\",\n      quantity: 15,\n      unit: \"cans\"\n    }\n  ])\n   reward_insertMany(data: [\n    {\n      id: \"950e8400-e29b-41d4-a716-446655440000\",\n      name: \"T-shirt\",\n      description: \"Recycling T-shirt\",\n      pointsCost: 100,\n      createdAt: \"2024-04-26T12:00:00Z\"\n    },\n    {\n      id: \"950e8400-e29b-41d4-a716-446655440001\",\n      name: \"Water bottle\",\n      description: \"Recycling water bottle\",\n      pointsCost: 50,\n      createdAt: \"2024-04-26T12:00:00Z\"\n    }\n  ])\n   redemption_insertMany(data: [\n    {\n      id: \"a50e8400-e29b-41d4-a716-446655440000\",\n      userId: \"550e8400-e29b-41d4-a716-446655440000\",\n      rewardId: \"950e8400-e29b-41d4-a716-446655440000\",\n      createdAt: \"2024-04-26T12:00:00Z\",\n      redemptionDate: \"2024-04-26\",\n      status: \"completed\"\n    },\n    {\n      id: \"a50e8400-e29b-41d4-a716-446655440001\",\n      userId: \"550e8400-e29b-41d4-a716-446655440001\",\n      rewardId: \"950e8400-e29b-41d4-a716-446655440001\",\n      createdAt: \"2024-04-27T12:00:00Z\",\n      redemptionDate: \"2024-04-27\",\n      status: \"pending\"\n    }\n  ])\n}\n```\n","author":"model"}]},"outputDataContext":{"additionalContext":{"@type":"type.googleapis.com/google.cloud.cloudaicompanion.v1main.ChatOutputDataContext","relatedContent":{}}},"attributionContext":{"citationMetadata":{}}}
[info] +  Wrote dataconnect\dataconnect.yaml 
[info] +  Wrote dataconnect\seed_data.gql 
[info] +  Wrote dataconnect\schema\schema.gql 
[info] +  Wrote dataconnect\example\connector.yaml 
[info] +  Wrote dataconnect\example\queries.gql 
[info] +  Wrote dataconnect\example\connector.yaml 
[info] i  dataconnect: Installing the generated SDKs ... 
[info] i  dataconnect: downloading dataconnect-emulator-2.15.0.exe... {"metadata":{"emulator":{"name":"dataconnect"},"message":"downloading dataconnect-emulator-2.15.0.exe..."}}
[debug] [2025-10-21T06:06:33.753Z] >>> [apiv2][query] GET https://storage.googleapis.com/firemat-preview-drop/emulator/dataconnect-emulator-windows-v2.15.0 
[debug] [2025-10-21T06:06:33.961Z] <<< [apiv2][status] GET https://storage.googleapis.com/firemat-preview-drop/emulator/dataconnect-emulator-windows-v2.15.0 200
[debug] [2025-10-21T06:06:33.962Z] <<< [apiv2][body] GET https://storage.googleapis.com/firemat-preview-drop/emulator/dataconnect-emulator-windows-v2.15.0 [stream]
[debug] [2025-10-21T06:06:34.549Z] defaultcredentials: writing to file C:\Users\kylet\AppData\Roaming\firebase\kyle_thomas.buzbee_gmail.com_application_default_credentials.json
